mode: set
github.com/piiano/restcontroller/utils/errors_collector.go:19.43,23.2 1 1
github.com/piiano/restcontroller/utils/errors_collector.go:32.61,34.29 2 1
github.com/piiano/restcontroller/utils/errors_collector.go:45.2,45.14 1 1
github.com/piiano/restcontroller/utils/errors_collector.go:34.29,35.17 1 1
github.com/piiano/restcontroller/utils/errors_collector.go:38.3,38.45 1 1
github.com/piiano/restcontroller/utils/errors_collector.go:42.3,43.15 2 1
github.com/piiano/restcontroller/utils/errors_collector.go:35.17,36.12 1 1
github.com/piiano/restcontroller/utils/errors_collector.go:38.45,40.12 2 1
github.com/piiano/restcontroller/utils/errors_collector.go:49.44,51.2 1 1
github.com/piiano/restcontroller/utils/errors_collector.go:55.51,56.24 1 1
github.com/piiano/restcontroller/utils/errors_collector.go:59.2,59.10 1 1
github.com/piiano/restcontroller/utils/errors_collector.go:56.24,58.3 1 1
github.com/piiano/restcontroller/utils/errors_collector.go:64.42,65.24 1 1
github.com/piiano/restcontroller/utils/errors_collector.go:68.2,68.24 1 1
github.com/piiano/restcontroller/utils/errors_collector.go:71.2,73.31 3 1
github.com/piiano/restcontroller/utils/errors_collector.go:76.2,77.34 2 1
github.com/piiano/restcontroller/utils/errors_collector.go:65.24,67.3 1 1
github.com/piiano/restcontroller/utils/errors_collector.go:68.24,70.3 1 1
github.com/piiano/restcontroller/utils/errors_collector.go:73.31,75.3 1 1
github.com/piiano/restcontroller/utils/slices.go:3.63,4.30 1 1
github.com/piiano/restcontroller/utils/slices.go:9.2,10.21 2 1
github.com/piiano/restcontroller/utils/slices.go:4.30,5.17 1 1
github.com/piiano/restcontroller/utils/slices.go:5.17,7.4 1 1
github.com/piiano/restcontroller/utils/slices.go:13.60,14.30 1 1
github.com/piiano/restcontroller/utils/slices.go:19.2,19.11 1 1
github.com/piiano/restcontroller/utils/slices.go:14.30,15.17 1 1
github.com/piiano/restcontroller/utils/slices.go:15.17,17.4 1 1
github.com/piiano/restcontroller/utils/slices.go:22.64,23.42 1 1
github.com/piiano/restcontroller/utils/slices.go:28.2,28.11 1 1
github.com/piiano/restcontroller/utils/slices.go:23.42,24.26 1 1
github.com/piiano/restcontroller/utils/slices.go:24.26,26.4 1 1
github.com/piiano/restcontroller/utils/slices.go:31.61,33.35 2 1
github.com/piiano/restcontroller/utils/slices.go:38.2,38.17 1 1
github.com/piiano/restcontroller/utils/slices.go:33.35,34.24 1 1
github.com/piiano/restcontroller/utils/slices.go:34.24,36.4 1 1
github.com/piiano/restcontroller/utils/slices.go:41.55,43.35 2 1
github.com/piiano/restcontroller/utils/slices.go:46.2,46.23 1 1
github.com/piiano/restcontroller/utils/slices.go:43.35,45.3 1 1
github.com/piiano/restcontroller/utils/slices.go:49.45,51.27 2 1
github.com/piiano/restcontroller/utils/slices.go:54.2,54.15 1 1
github.com/piiano/restcontroller/utils/slices.go:51.27,53.3 1 1
github.com/piiano/restcontroller/schema_validator/object_schema_validator.go:11.77,13.51 2 1
github.com/piiano/restcontroller/schema_validator/object_schema_validator.go:16.2,16.25 1 1
github.com/piiano/restcontroller/schema_validator/object_schema_validator.go:59.2,59.26 1 1
github.com/piiano/restcontroller/schema_validator/object_schema_validator.go:13.51,15.3 1 1
github.com/piiano/restcontroller/schema_validator/object_schema_validator.go:17.22,18.33 1 1
github.com/piiano/restcontroller/schema_validator/object_schema_validator.go:30.19,33.25 3 1
github.com/piiano/restcontroller/schema_validator/object_schema_validator.go:42.3,42.33 1 1
github.com/piiano/restcontroller/schema_validator/object_schema_validator.go:56.10,57.116 1 1
github.com/piiano/restcontroller/schema_validator/object_schema_validator.go:18.33,20.52 2 1
github.com/piiano/restcontroller/schema_validator/object_schema_validator.go:20.52,22.12 2 1
github.com/piiano/restcontroller/schema_validator/object_schema_validator.go:25.5,25.11 1 1
github.com/piiano/restcontroller/schema_validator/object_schema_validator.go:22.12,24.6 1 1
github.com/piiano/restcontroller/schema_validator/object_schema_validator.go:25.11,27.6 1 1
github.com/piiano/restcontroller/schema_validator/object_schema_validator.go:36.97,36.97 0 1
github.com/piiano/restcontroller/schema_validator/object_schema_validator.go:37.11,38.47 1 1
github.com/piiano/restcontroller/schema_validator/object_schema_validator.go:38.47,40.5 1 1
github.com/piiano/restcontroller/schema_validator/object_schema_validator.go:42.33,43.52 1 1
github.com/piiano/restcontroller/schema_validator/object_schema_validator.go:43.52,46.85 2 1
github.com/piiano/restcontroller/schema_validator/object_schema_validator.go:50.5,50.91 1 1
github.com/piiano/restcontroller/schema_validator/object_schema_validator.go:46.85,48.6 1 1
github.com/piiano/restcontroller/schema_validator/object_schema_validator.go:50.91,53.6 2 1
github.com/piiano/restcontroller/schema_validator/object_schema_validator.go:63.79,64.104 1 1
github.com/piiano/restcontroller/schema_validator/object_schema_validator.go:67.2,68.38 2 1
github.com/piiano/restcontroller/schema_validator/object_schema_validator.go:83.2,84.72 2 1
github.com/piiano/restcontroller/schema_validator/object_schema_validator.go:90.2,94.28 5 1
github.com/piiano/restcontroller/schema_validator/object_schema_validator.go:106.2,106.15 1 1
github.com/piiano/restcontroller/schema_validator/object_schema_validator.go:64.104,66.3 1 1
github.com/piiano/restcontroller/schema_validator/object_schema_validator.go:68.38,79.3 1 1
github.com/piiano/restcontroller/schema_validator/object_schema_validator.go:84.72,86.26 2 1
github.com/piiano/restcontroller/schema_validator/object_schema_validator.go:86.26,88.4 1 1
github.com/piiano/restcontroller/schema_validator/object_schema_validator.go:94.28,95.70 1 1
github.com/piiano/restcontroller/schema_validator/object_schema_validator.go:95.70,98.14 3 1
github.com/piiano/restcontroller/schema_validator/object_schema_validator.go:101.4,102.22 2 1
github.com/piiano/restcontroller/schema_validator/object_schema_validator.go:98.14,100.5 1 1
github.com/piiano/restcontroller/schema_validator/schema_oneof_validator.go:11.76,12.27 1 1
github.com/piiano/restcontroller/schema_validator/schema_oneof_validator.go:15.2,16.116 2 1
github.com/piiano/restcontroller/schema_validator/schema_oneof_validator.go:19.2,19.20 1 1
github.com/piiano/restcontroller/schema_validator/schema_oneof_validator.go:28.2,28.19 1 1
github.com/piiano/restcontroller/schema_validator/schema_oneof_validator.go:37.2,37.26 1 1
github.com/piiano/restcontroller/schema_validator/schema_oneof_validator.go:12.27,14.3 1 1
github.com/piiano/restcontroller/schema_validator/schema_oneof_validator.go:16.116,18.3 1 1
github.com/piiano/restcontroller/schema_validator/schema_oneof_validator.go:19.20,22.32 3 1
github.com/piiano/restcontroller/schema_validator/schema_oneof_validator.go:26.3,26.58 1 1
github.com/piiano/restcontroller/schema_validator/schema_oneof_validator.go:22.32,25.4 2 1
github.com/piiano/restcontroller/schema_validator/schema_oneof_validator.go:28.19,31.30 3 1
github.com/piiano/restcontroller/schema_validator/schema_oneof_validator.go:34.3,35.58 2 1
github.com/piiano/restcontroller/schema_validator/schema_oneof_validator.go:31.30,33.4 1 1
github.com/piiano/restcontroller/schema_validator/boolean_schema_validator.go:9.78,11.52 2 1
github.com/piiano/restcontroller/schema_validator/boolean_schema_validator.go:14.2,14.37 1 1
github.com/piiano/restcontroller/schema_validator/boolean_schema_validator.go:17.2,17.26 1 1
github.com/piiano/restcontroller/schema_validator/boolean_schema_validator.go:11.52,13.3 1 1
github.com/piiano/restcontroller/schema_validator/boolean_schema_validator.go:14.37,16.3 1 1
github.com/piiano/restcontroller/schema_validator/multi_schemas_validator.go:13.98,16.23 3 1
github.com/piiano/restcontroller/schema_validator/multi_schemas_validator.go:26.2,26.21 1 1
github.com/piiano/restcontroller/schema_validator/multi_schemas_validator.go:16.23,19.17 3 1
github.com/piiano/restcontroller/schema_validator/multi_schemas_validator.go:22.3,22.17 1 1
github.com/piiano/restcontroller/schema_validator/multi_schemas_validator.go:19.17,21.4 1 1
github.com/piiano/restcontroller/schema_validator/multi_schemas_validator.go:22.17,24.4 1 1
github.com/piiano/restcontroller/schema_validator/number_schema_validator.go:9.77,11.51 2 1
github.com/piiano/restcontroller/schema_validator/number_schema_validator.go:14.2,14.25 1 1
github.com/piiano/restcontroller/schema_validator/number_schema_validator.go:21.2,21.39 1 1
github.com/piiano/restcontroller/schema_validator/number_schema_validator.go:32.2,32.26 1 1
github.com/piiano/restcontroller/schema_validator/number_schema_validator.go:11.51,13.3 1 1
github.com/piiano/restcontroller/schema_validator/number_schema_validator.go:17.36,17.36 0 1
github.com/piiano/restcontroller/schema_validator/number_schema_validator.go:18.10,19.87 1 1
github.com/piiano/restcontroller/schema_validator/number_schema_validator.go:22.19,23.41 1 1
github.com/piiano/restcontroller/schema_validator/number_schema_validator.go:26.20,27.41 1 1
github.com/piiano/restcontroller/schema_validator/number_schema_validator.go:23.41,25.4 1 1
github.com/piiano/restcontroller/schema_validator/number_schema_validator.go:27.41,29.4 1 1
github.com/piiano/restcontroller/schema_validator/schema_allof_validator.go:5.76,6.27 1 1
github.com/piiano/restcontroller/schema_validator/schema_allof_validator.go:9.2,10.40 2 1
github.com/piiano/restcontroller/schema_validator/schema_allof_validator.go:13.2,13.26 1 1
github.com/piiano/restcontroller/schema_validator/schema_allof_validator.go:6.27,8.3 1 1
github.com/piiano/restcontroller/schema_validator/schema_allof_validator.go:10.40,12.3 1 1
github.com/piiano/restcontroller/schema_validator/schema_anyof_validator.go:11.76,12.27 1 1
github.com/piiano/restcontroller/schema_validator/schema_anyof_validator.go:15.2,16.116 2 1
github.com/piiano/restcontroller/schema_validator/schema_anyof_validator.go:19.2,19.20 1 1
github.com/piiano/restcontroller/schema_validator/schema_anyof_validator.go:28.2,28.26 1 1
github.com/piiano/restcontroller/schema_validator/schema_anyof_validator.go:12.27,14.3 1 1
github.com/piiano/restcontroller/schema_validator/schema_anyof_validator.go:16.116,18.3 1 1
github.com/piiano/restcontroller/schema_validator/schema_anyof_validator.go:19.20,22.32 3 1
github.com/piiano/restcontroller/schema_validator/schema_anyof_validator.go:26.3,26.58 1 1
github.com/piiano/restcontroller/schema_validator/schema_anyof_validator.go:22.32,25.4 2 1
github.com/piiano/restcontroller/schema_validator/schema_not_validator.go:8.74,9.25 1 1
github.com/piiano/restcontroller/schema_validator/schema_not_validator.go:12.2,13.69 2 1
github.com/piiano/restcontroller/schema_validator/schema_not_validator.go:16.2,16.26 1 1
github.com/piiano/restcontroller/schema_validator/schema_not_validator.go:9.25,11.3 1 1
github.com/piiano/restcontroller/schema_validator/schema_not_validator.go:13.69,15.3 1 1
github.com/piiano/restcontroller/schema_validator/schema_validator.go:52.111,58.2 1 1
github.com/piiano/restcontroller/schema_validator/schema_validator.go:67.86,70.2 2 1
github.com/piiano/restcontroller/schema_validator/schema_validator.go:71.87,74.2 2 1
github.com/piiano/restcontroller/schema_validator/schema_validator.go:75.92,78.2 2 1
github.com/piiano/restcontroller/schema_validator/schema_validator.go:79.65,89.35 6 1
github.com/piiano/restcontroller/schema_validator/schema_validator.go:103.2,103.26 1 1
github.com/piiano/restcontroller/schema_validator/schema_validator.go:90.24,91.45 1 1
github.com/piiano/restcontroller/schema_validator/schema_validator.go:92.23,93.44 1 1
github.com/piiano/restcontroller/schema_validator/schema_validator.go:94.24,95.45 1 1
github.com/piiano/restcontroller/schema_validator/schema_validator.go:96.25,97.46 1 1
github.com/piiano/restcontroller/schema_validator/schema_validator.go:98.24,99.45 1 1
github.com/piiano/restcontroller/schema_validator/schema_validator.go:100.25,101.46 1 1
github.com/piiano/restcontroller/schema_validator/array_schema_validator.go:9.76,10.50 1 1
github.com/piiano/restcontroller/schema_validator/array_schema_validator.go:13.2,14.74 2 1
github.com/piiano/restcontroller/schema_validator/array_schema_validator.go:18.2,19.26 2 1
github.com/piiano/restcontroller/schema_validator/array_schema_validator.go:10.50,12.3 1 1
github.com/piiano/restcontroller/schema_validator/array_schema_validator.go:14.74,17.3 2 1
github.com/piiano/restcontroller/schema_validator/integer_schema_validator.go:9.78,11.52 2 1
github.com/piiano/restcontroller/schema_validator/integer_schema_validator.go:14.2,14.25 1 1
github.com/piiano/restcontroller/schema_validator/integer_schema_validator.go:20.2,20.39 1 1
github.com/piiano/restcontroller/schema_validator/integer_schema_validator.go:31.2,31.26 1 1
github.com/piiano/restcontroller/schema_validator/integer_schema_validator.go:11.52,13.3 1 1
github.com/piiano/restcontroller/schema_validator/integer_schema_validator.go:16.96,16.96 0 1
github.com/piiano/restcontroller/schema_validator/integer_schema_validator.go:17.10,18.90 1 1
github.com/piiano/restcontroller/schema_validator/integer_schema_validator.go:21.19,22.39 1 1
github.com/piiano/restcontroller/schema_validator/integer_schema_validator.go:25.19,26.39 1 1
github.com/piiano/restcontroller/schema_validator/integer_schema_validator.go:22.39,24.4 1 1
github.com/piiano/restcontroller/schema_validator/integer_schema_validator.go:26.39,28.4 1 1
github.com/piiano/restcontroller/schema_validator/string_schema_validator.go:11.77,13.51 2 1
github.com/piiano/restcontroller/schema_validator/string_schema_validator.go:16.2,16.39 1 1
github.com/piiano/restcontroller/schema_validator/string_schema_validator.go:37.2,37.26 1 1
github.com/piiano/restcontroller/schema_validator/string_schema_validator.go:13.51,15.3 1 1
github.com/piiano/restcontroller/schema_validator/string_schema_validator.go:17.10,18.40 1 1
github.com/piiano/restcontroller/schema_validator/string_schema_validator.go:21.18,22.82 1 1
github.com/piiano/restcontroller/schema_validator/string_schema_validator.go:25.18,26.82 1 1
github.com/piiano/restcontroller/schema_validator/string_schema_validator.go:32.96,33.40 1 1
github.com/piiano/restcontroller/schema_validator/string_schema_validator.go:18.40,20.4 1 1
github.com/piiano/restcontroller/schema_validator/string_schema_validator.go:22.82,24.4 1 1
github.com/piiano/restcontroller/schema_validator/string_schema_validator.go:26.82,28.4 1 1
github.com/piiano/restcontroller/schema_validator/string_schema_validator.go:33.40,35.4 1 1
