mode: set
github.com/piiano/restcontroller/router/schema_validator/error_messages.go:9.107,11.2 1 0
github.com/piiano/restcontroller/router/schema_validator/error_messages.go:12.87,14.17 2 0
github.com/piiano/restcontroller/router/schema_validator/error_messages.go:17.2,17.109 1 0
github.com/piiano/restcontroller/router/schema_validator/error_messages.go:14.17,16.3 1 0
github.com/piiano/restcontroller/router/schema_validator/error_messages.go:20.101,22.2 1 0
github.com/piiano/restcontroller/router/schema_validator/error_messages.go:23.91,25.2 1 0
github.com/piiano/restcontroller/router/schema_validator/error_messages.go:27.85,28.16 1 0
github.com/piiano/restcontroller/router/schema_validator/error_messages.go:31.2,31.12 1 0
github.com/piiano/restcontroller/router/schema_validator/error_messages.go:28.16,30.3 1 0
github.com/piiano/restcontroller/router/schema_validator/integer_schema_validator.go:7.67,9.40 2 0
github.com/piiano/restcontroller/router/schema_validator/integer_schema_validator.go:12.2,12.25 1 0
github.com/piiano/restcontroller/router/schema_validator/integer_schema_validator.go:18.2,18.25 1 0
github.com/piiano/restcontroller/router/schema_validator/integer_schema_validator.go:29.2,29.77 1 0
github.com/piiano/restcontroller/router/schema_validator/integer_schema_validator.go:9.40,11.3 1 0
github.com/piiano/restcontroller/router/schema_validator/integer_schema_validator.go:14.96,14.96 0 0
github.com/piiano/restcontroller/router/schema_validator/integer_schema_validator.go:15.10,16.72 1 0
github.com/piiano/restcontroller/router/schema_validator/integer_schema_validator.go:19.19,20.39 1 0
github.com/piiano/restcontroller/router/schema_validator/integer_schema_validator.go:23.19,24.39 1 0
github.com/piiano/restcontroller/router/schema_validator/integer_schema_validator.go:20.39,22.4 1 0
github.com/piiano/restcontroller/router/schema_validator/integer_schema_validator.go:24.39,26.4 1 0
github.com/piiano/restcontroller/router/schema_validator/schema_not_validator.go:7.63,8.25 1 0
github.com/piiano/restcontroller/router/schema_validator/schema_not_validator.go:11.2,11.69 1 0
github.com/piiano/restcontroller/router/schema_validator/schema_not_validator.go:14.2,14.12 1 0
github.com/piiano/restcontroller/router/schema_validator/schema_not_validator.go:8.25,10.3 1 0
github.com/piiano/restcontroller/router/schema_validator/schema_not_validator.go:11.69,13.3 1 0
github.com/piiano/restcontroller/router/options.go:61.83,63.8 2 0
github.com/piiano/restcontroller/router/options.go:66.2,66.37 1 0
github.com/piiano/restcontroller/router/options.go:63.8,65.3 1 0
github.com/piiano/restcontroller/router/options.go:69.31,74.2 1 0
github.com/piiano/restcontroller/router/source_position.go:9.58,11.14 2 0
github.com/piiano/restcontroller/router/source_position.go:14.2,14.33 1 0
github.com/piiano/restcontroller/router/source_position.go:17.2,17.30 1 0
github.com/piiano/restcontroller/router/source_position.go:20.2,22.57 3 0
github.com/piiano/restcontroller/router/source_position.go:11.14,13.3 1 0
github.com/piiano/restcontroller/router/source_position.go:14.33,16.3 1 0
github.com/piiano/restcontroller/router/source_position.go:17.30,19.3 1 0
github.com/piiano/restcontroller/router/source_position.go:31.42,33.2 1 0
github.com/piiano/restcontroller/router/spec.go:9.56,11.16 2 0
github.com/piiano/restcontroller/router/spec.go:14.2,14.32 1 0
github.com/piiano/restcontroller/router/spec.go:11.16,13.3 1 0
github.com/piiano/restcontroller/router/spec.go:17.56,19.16 2 0
github.com/piiano/restcontroller/router/spec.go:22.2,22.32 1 0
github.com/piiano/restcontroller/router/spec.go:19.16,21.3 1 0
github.com/piiano/restcontroller/router/spec.go:25.28,28.2 2 0
github.com/piiano/restcontroller/router/spec.go:30.77,31.38 1 0
github.com/piiano/restcontroller/router/spec.go:38.2,38.31 1 0
github.com/piiano/restcontroller/router/spec.go:31.38,32.53 1 0
github.com/piiano/restcontroller/router/spec.go:32.53,33.32 1 0
github.com/piiano/restcontroller/router/spec.go:33.32,35.5 1 0
github.com/piiano/restcontroller/router/spec.go:42.54,44.35 2 0
github.com/piiano/restcontroller/router/spec.go:61.2,61.21 1 0
github.com/piiano/restcontroller/router/spec.go:44.35,45.48 1 0
github.com/piiano/restcontroller/router/spec.go:45.48,46.68 1 0
github.com/piiano/restcontroller/router/spec.go:51.4,51.46 1 0
github.com/piiano/restcontroller/router/spec.go:46.68,47.63 1 0
github.com/piiano/restcontroller/router/spec.go:47.63,49.6 1 0
github.com/piiano/restcontroller/router/spec.go:51.46,52.30 1 0
github.com/piiano/restcontroller/router/spec.go:55.5,55.53 1 0
github.com/piiano/restcontroller/router/spec.go:52.30,53.14 1 0
github.com/piiano/restcontroller/router/spec.go:55.53,57.6 1 0
github.com/piiano/restcontroller/router/utils/logger.go:55.38,59.2 1 1
github.com/piiano/restcontroller/router/utils/logger.go:60.63,65.2 1 0
github.com/piiano/restcontroller/router/utils/logger.go:73.53,73.72 1 1
github.com/piiano/restcontroller/router/utils/logger.go:74.53,74.73 1 1
github.com/piiano/restcontroller/router/utils/logger.go:75.53,75.86 1 1
github.com/piiano/restcontroller/router/utils/logger.go:76.53,76.73 1 1
github.com/piiano/restcontroller/router/utils/logger.go:77.53,77.86 1 1
github.com/piiano/restcontroller/router/utils/logger.go:78.53,78.74 1 1
github.com/piiano/restcontroller/router/utils/logger.go:79.53,79.87 1 1
github.com/piiano/restcontroller/router/utils/logger.go:80.53,80.77 1 1
github.com/piiano/restcontroller/router/utils/logger.go:81.53,81.86 1 1
github.com/piiano/restcontroller/router/utils/logger.go:82.53,82.84 1 1
github.com/piiano/restcontroller/router/utils/logger.go:83.53,83.89 1 1
github.com/piiano/restcontroller/router/utils/logger.go:84.53,84.88 1 1
github.com/piiano/restcontroller/router/utils/logger.go:85.74,87.2 1 1
github.com/piiano/restcontroller/router/utils/logger.go:88.75,90.2 1 1
github.com/piiano/restcontroller/router/utils/logger.go:92.55,95.2 2 1
github.com/piiano/restcontroller/router/utils/logger.go:97.61,98.16 1 1
github.com/piiano/restcontroller/router/utils/logger.go:101.2,102.13 2 1
github.com/piiano/restcontroller/router/utils/logger.go:98.16,100.3 1 1
github.com/piiano/restcontroller/router/utils/logger.go:104.90,105.16 1 1
github.com/piiano/restcontroller/router/utils/logger.go:108.2,109.13 2 1
github.com/piiano/restcontroller/router/utils/logger.go:105.16,107.3 1 1
github.com/piiano/restcontroller/router/utils/logger.go:112.67,114.2 1 1
github.com/piiano/restcontroller/router/utils/logger.go:115.47,116.24 1 1
github.com/piiano/restcontroller/router/utils/logger.go:117.2,117.22 1 1
github.com/piiano/restcontroller/router/utils/logger.go:120.2,120.15 1 1
github.com/piiano/restcontroller/router/utils/logger.go:116.25,116.26 0 1
github.com/piiano/restcontroller/router/utils/logger.go:117.22,118.33 1 1
github.com/piiano/restcontroller/router/utils/logger.go:118.33,118.74 1 1
github.com/piiano/restcontroller/router/utils/logger.go:121.12,122.18 1 1
github.com/piiano/restcontroller/router/utils/logger.go:123.12,125.27 2 1
github.com/piiano/restcontroller/router/utils/logger.go:126.13,128.25 2 1
github.com/piiano/restcontroller/router/utils/logger.go:132.43,133.31 1 1
github.com/piiano/restcontroller/router/utils/logger.go:136.2,136.98 1 1
github.com/piiano/restcontroller/router/utils/logger.go:133.31,135.3 1 1
github.com/piiano/restcontroller/router/utils/logger.go:139.38,141.2 1 1
github.com/piiano/restcontroller/router/utils/logger.go:143.45,144.62 1 1
github.com/piiano/restcontroller/router/utils/logger.go:147.2,149.57 3 1
github.com/piiano/restcontroller/router/utils/logger.go:144.62,146.3 1 1
github.com/piiano/restcontroller/router/utils/logger.go:152.72,153.35 1 1
github.com/piiano/restcontroller/router/utils/logger.go:156.2,156.12 1 1
github.com/piiano/restcontroller/router/utils/logger.go:153.35,155.3 1 1
github.com/piiano/restcontroller/router/utils/logger.go:158.70,159.33 1 1
github.com/piiano/restcontroller/router/utils/logger.go:162.2,162.12 1 1
github.com/piiano/restcontroller/router/utils/logger.go:159.33,161.3 1 1
github.com/piiano/restcontroller/router/utils/logger.go:164.72,165.15 1 0
github.com/piiano/restcontroller/router/utils/logger.go:171.2,171.12 1 0
github.com/piiano/restcontroller/router/utils/logger.go:166.18,167.32 1 0
github.com/piiano/restcontroller/router/utils/logger.go:168.13,169.30 1 0
github.com/piiano/restcontroller/router/utils/logger.go:173.101,174.15 1 0
github.com/piiano/restcontroller/router/utils/logger.go:180.2,180.12 1 0
github.com/piiano/restcontroller/router/utils/logger.go:175.12,176.48 1 0
github.com/piiano/restcontroller/router/utils/logger.go:177.13,178.46 1 0
github.com/piiano/restcontroller/router/utils/logger.go:183.92,184.9 1 1
github.com/piiano/restcontroller/router/utils/logger.go:190.2,190.11 1 1
github.com/piiano/restcontroller/router/utils/logger.go:185.18,186.51 1 1
github.com/piiano/restcontroller/router/utils/logger.go:187.17,188.55 1 1
github.com/piiano/restcontroller/router/utils/logger.go:202.42,204.2 1 1
github.com/piiano/restcontroller/router/utils/logger.go:206.41,212.2 2 1
github.com/piiano/restcontroller/router/utils/logger.go:214.64,220.2 2 0
github.com/piiano/restcontroller/router/schema_validator/schema_oneof_validator.go:8.65,9.27 1 0
github.com/piiano/restcontroller/router/schema_validator/schema_oneof_validator.go:12.2,13.116 2 0
github.com/piiano/restcontroller/router/schema_validator/schema_oneof_validator.go:16.2,16.20 1 0
github.com/piiano/restcontroller/router/schema_validator/schema_oneof_validator.go:23.2,23.19 1 0
github.com/piiano/restcontroller/router/schema_validator/schema_oneof_validator.go:29.2,29.97 1 0
github.com/piiano/restcontroller/router/schema_validator/schema_oneof_validator.go:9.27,11.3 1 0
github.com/piiano/restcontroller/router/schema_validator/schema_oneof_validator.go:13.116,15.3 1 0
github.com/piiano/restcontroller/router/schema_validator/schema_oneof_validator.go:16.20,18.32 2 0
github.com/piiano/restcontroller/router/schema_validator/schema_oneof_validator.go:18.32,21.4 2 0
github.com/piiano/restcontroller/router/schema_validator/schema_oneof_validator.go:23.19,25.30 2 0
github.com/piiano/restcontroller/router/schema_validator/schema_oneof_validator.go:25.30,27.4 1 0
github.com/piiano/restcontroller/router/schema_validator/object_schema_validator.go:10.66,13.39 2 0
github.com/piiano/restcontroller/router/schema_validator/object_schema_validator.go:16.2,16.25 1 0
github.com/piiano/restcontroller/router/schema_validator/object_schema_validator.go:60.2,60.77 1 0
github.com/piiano/restcontroller/router/schema_validator/object_schema_validator.go:13.39,15.3 1 0
github.com/piiano/restcontroller/router/schema_validator/object_schema_validator.go:17.22,18.33 1 0
github.com/piiano/restcontroller/router/schema_validator/object_schema_validator.go:31.19,34.25 3 0
github.com/piiano/restcontroller/router/schema_validator/object_schema_validator.go:43.3,43.33 1 0
github.com/piiano/restcontroller/router/schema_validator/object_schema_validator.go:57.10,58.101 1 0
github.com/piiano/restcontroller/router/schema_validator/object_schema_validator.go:18.33,21.52 2 0
github.com/piiano/restcontroller/router/schema_validator/object_schema_validator.go:21.52,23.12 2 0
github.com/piiano/restcontroller/router/schema_validator/object_schema_validator.go:26.5,26.11 1 0
github.com/piiano/restcontroller/router/schema_validator/object_schema_validator.go:23.12,25.6 1 0
github.com/piiano/restcontroller/router/schema_validator/object_schema_validator.go:26.11,28.6 1 0
github.com/piiano/restcontroller/router/schema_validator/object_schema_validator.go:37.97,37.97 0 0
github.com/piiano/restcontroller/router/schema_validator/object_schema_validator.go:38.11,39.47 1 0
github.com/piiano/restcontroller/router/schema_validator/object_schema_validator.go:39.47,41.5 1 0
github.com/piiano/restcontroller/router/schema_validator/object_schema_validator.go:43.33,44.52 1 0
github.com/piiano/restcontroller/router/schema_validator/object_schema_validator.go:44.52,47.85 2 0
github.com/piiano/restcontroller/router/schema_validator/object_schema_validator.go:51.5,51.91 1 0
github.com/piiano/restcontroller/router/schema_validator/object_schema_validator.go:47.85,49.6 1 0
github.com/piiano/restcontroller/router/schema_validator/object_schema_validator.go:51.91,54.6 2 0
github.com/piiano/restcontroller/router/schema_validator/object_schema_validator.go:64.79,73.104 1 0
github.com/piiano/restcontroller/router/schema_validator/object_schema_validator.go:77.2,77.93 1 0
github.com/piiano/restcontroller/router/schema_validator/object_schema_validator.go:82.2,83.70 2 0
github.com/piiano/restcontroller/router/schema_validator/object_schema_validator.go:90.2,96.28 5 0
github.com/piiano/restcontroller/router/schema_validator/object_schema_validator.go:107.2,107.15 1 0
github.com/piiano/restcontroller/router/schema_validator/object_schema_validator.go:73.104,75.3 1 0
github.com/piiano/restcontroller/router/schema_validator/object_schema_validator.go:77.93,80.3 2 0
github.com/piiano/restcontroller/router/schema_validator/object_schema_validator.go:83.70,85.26 2 0
github.com/piiano/restcontroller/router/schema_validator/object_schema_validator.go:85.26,87.4 1 0
github.com/piiano/restcontroller/router/schema_validator/object_schema_validator.go:96.28,97.70 1 0
github.com/piiano/restcontroller/router/schema_validator/object_schema_validator.go:97.70,100.14 3 0
github.com/piiano/restcontroller/router/schema_validator/object_schema_validator.go:103.4,104.22 2 0
github.com/piiano/restcontroller/router/schema_validator/object_schema_validator.go:100.14,102.5 1 0
github.com/piiano/restcontroller/router/utils/maps.go:3.53,6.21 3 1
github.com/piiano/restcontroller/router/utils/maps.go:10.2,10.13 1 1
github.com/piiano/restcontroller/router/utils/maps.go:6.21,9.3 2 1
github.com/piiano/restcontroller/router/utils/maps.go:13.55,16.26 3 1
github.com/piiano/restcontroller/router/utils/maps.go:20.2,20.15 1 1
github.com/piiano/restcontroller/router/utils/maps.go:16.26,19.3 2 1
github.com/piiano/restcontroller/router/utils/maps.go:28.66,31.28 3 1
github.com/piiano/restcontroller/router/utils/maps.go:35.2,35.15 1 1
github.com/piiano/restcontroller/router/utils/maps.go:31.28,34.3 2 1
github.com/piiano/restcontroller/router/utils/maps.go:38.70,40.32 2 1
github.com/piiano/restcontroller/router/utils/maps.go:43.2,43.10 1 1
github.com/piiano/restcontroller/router/utils/maps.go:40.32,42.3 1 1
github.com/piiano/restcontroller/router/utils/maps.go:46.52,48.28 2 1
github.com/piiano/restcontroller/router/utils/maps.go:51.2,51.10 1 1
github.com/piiano/restcontroller/router/utils/maps.go:48.28,50.3 1 1
github.com/piiano/restcontroller/router/schema_validator/number_schema_validator.go:7.66,9.39 2 0
github.com/piiano/restcontroller/router/schema_validator/number_schema_validator.go:12.2,12.25 1 0
github.com/piiano/restcontroller/router/schema_validator/number_schema_validator.go:19.2,19.25 1 0
github.com/piiano/restcontroller/router/schema_validator/number_schema_validator.go:30.2,30.77 1 0
github.com/piiano/restcontroller/router/schema_validator/number_schema_validator.go:9.39,11.3 1 0
github.com/piiano/restcontroller/router/schema_validator/number_schema_validator.go:15.36,15.36 0 0
github.com/piiano/restcontroller/router/schema_validator/number_schema_validator.go:16.10,17.72 1 0
github.com/piiano/restcontroller/router/schema_validator/number_schema_validator.go:20.19,21.41 1 0
github.com/piiano/restcontroller/router/schema_validator/number_schema_validator.go:24.20,25.41 1 0
github.com/piiano/restcontroller/router/schema_validator/number_schema_validator.go:21.41,23.4 1 0
github.com/piiano/restcontroller/router/schema_validator/number_schema_validator.go:25.41,27.4 1 0
github.com/piiano/restcontroller/router/schema_validator/schema_validator.go:55.75,60.2 1 0
github.com/piiano/restcontroller/router/schema_validator/schema_validator.go:63.137,70.2 1 0
github.com/piiano/restcontroller/router/schema_validator/schema_validator.go:72.62,74.2 1 0
github.com/piiano/restcontroller/router/schema_validator/schema_validator.go:75.63,77.2 1 0
github.com/piiano/restcontroller/router/schema_validator/schema_validator.go:87.89,90.2 2 0
github.com/piiano/restcontroller/router/schema_validator/schema_validator.go:91.87,95.2 3 0
github.com/piiano/restcontroller/router/schema_validator/schema_validator.go:96.92,100.2 3 0
github.com/piiano/restcontroller/router/schema_validator/schema_validator.go:101.120,106.2 4 0
github.com/piiano/restcontroller/router/schema_validator/schema_validator.go:107.54,115.23 5 0
github.com/piiano/restcontroller/router/schema_validator/schema_validator.go:129.2,129.36 1 0
github.com/piiano/restcontroller/router/schema_validator/schema_validator.go:116.24,117.51 1 0
github.com/piiano/restcontroller/router/schema_validator/schema_validator.go:118.23,119.50 1 0
github.com/piiano/restcontroller/router/schema_validator/schema_validator.go:120.24,121.51 1 0
github.com/piiano/restcontroller/router/schema_validator/schema_validator.go:122.25,123.52 1 0
github.com/piiano/restcontroller/router/schema_validator/schema_validator.go:124.24,125.51 1 0
github.com/piiano/restcontroller/router/schema_validator/schema_validator.go:126.25,127.52 1 0
github.com/piiano/restcontroller/router/schema_validator/multi_schemas_validator.go:11.98,14.23 3 0
github.com/piiano/restcontroller/router/schema_validator/multi_schemas_validator.go:26.2,26.21 1 0
github.com/piiano/restcontroller/router/schema_validator/multi_schemas_validator.go:14.23,19.17 5 0
github.com/piiano/restcontroller/router/schema_validator/multi_schemas_validator.go:22.3,22.17 1 0
github.com/piiano/restcontroller/router/schema_validator/multi_schemas_validator.go:19.17,21.4 1 0
github.com/piiano/restcontroller/router/schema_validator/multi_schemas_validator.go:22.17,24.4 1 0
github.com/piiano/restcontroller/router/schema_validator/schema_anyof_validator.go:8.65,9.27 1 0
github.com/piiano/restcontroller/router/schema_validator/schema_anyof_validator.go:13.2,14.116 2 0
github.com/piiano/restcontroller/router/schema_validator/schema_anyof_validator.go:17.2,17.20 1 0
github.com/piiano/restcontroller/router/schema_validator/schema_anyof_validator.go:24.2,24.100 1 0
github.com/piiano/restcontroller/router/schema_validator/schema_anyof_validator.go:9.27,11.3 1 0
github.com/piiano/restcontroller/router/schema_validator/schema_anyof_validator.go:14.116,16.3 1 0
github.com/piiano/restcontroller/router/schema_validator/schema_anyof_validator.go:17.20,19.32 2 0
github.com/piiano/restcontroller/router/schema_validator/schema_anyof_validator.go:19.32,22.4 2 0
github.com/piiano/restcontroller/router/binders.go:17.95,23.94 4 0
github.com/piiano/restcontroller/router/binders.go:23.94,30.71 2 0
github.com/piiano/restcontroller/router/binders.go:33.3,33.71 1 0
github.com/piiano/restcontroller/router/binders.go:36.3,36.78 1 0
github.com/piiano/restcontroller/router/binders.go:39.3,39.22 1 0
github.com/piiano/restcontroller/router/binders.go:30.71,32.4 1 0
github.com/piiano/restcontroller/router/binders.go:33.71,35.4 1 0
github.com/piiano/restcontroller/router/binders.go:36.78,38.4 1 0
github.com/piiano/restcontroller/router/binders.go:44.125,45.32 1 0
github.com/piiano/restcontroller/router/binders.go:48.2,48.46 1 0
github.com/piiano/restcontroller/router/binders.go:45.32,46.47 1 0
github.com/piiano/restcontroller/router/binders.go:46.47,46.61 1 0
github.com/piiano/restcontroller/router/binders.go:48.46,50.17 2 0
github.com/piiano/restcontroller/router/binders.go:53.3,54.17 2 0
github.com/piiano/restcontroller/router/binders.go:57.3,57.60 1 0
github.com/piiano/restcontroller/router/binders.go:60.3,60.13 1 0
github.com/piiano/restcontroller/router/binders.go:50.17,52.4 1 0
github.com/piiano/restcontroller/router/binders.go:54.17,56.4 1 0
github.com/piiano/restcontroller/router/binders.go:57.60,59.4 1 0
github.com/piiano/restcontroller/router/binders.go:65.95,66.31 1 0
github.com/piiano/restcontroller/router/binders.go:69.2,69.62 1 0
github.com/piiano/restcontroller/router/binders.go:66.31,67.57 1 0
github.com/piiano/restcontroller/router/binders.go:67.57,67.71 1 0
github.com/piiano/restcontroller/router/binders.go:69.62,71.29 2 0
github.com/piiano/restcontroller/router/binders.go:74.3,74.44 1 0
github.com/piiano/restcontroller/router/binders.go:71.29,73.4 1 0
github.com/piiano/restcontroller/router/binders.go:79.92,80.32 1 0
github.com/piiano/restcontroller/router/binders.go:83.2,83.53 1 0
github.com/piiano/restcontroller/router/binders.go:80.32,81.40 1 0
github.com/piiano/restcontroller/router/binders.go:81.40,81.54 1 0
github.com/piiano/restcontroller/router/binders.go:83.53,84.60 1 0
github.com/piiano/restcontroller/router/binders.go:87.3,87.13 1 0
github.com/piiano/restcontroller/router/binders.go:84.60,86.4 1 0
github.com/piiano/restcontroller/router/binders.go:90.108,91.101 1 0
github.com/piiano/restcontroller/router/binders.go:91.101,93.17 2 0
github.com/piiano/restcontroller/router/binders.go:96.3,97.13 2 0
github.com/piiano/restcontroller/router/binders.go:100.3,101.30 2 0
github.com/piiano/restcontroller/router/binders.go:109.3,116.9 4 0
github.com/piiano/restcontroller/router/binders.go:93.17,95.4 1 0
github.com/piiano/restcontroller/router/binders.go:97.13,99.4 1 0
github.com/piiano/restcontroller/router/binders.go:101.30,104.18 3 0
github.com/piiano/restcontroller/router/binders.go:107.4,107.53 1 0
github.com/piiano/restcontroller/router/binders.go:104.18,106.5 1 0
github.com/piiano/restcontroller/router/binders.go:120.76,121.40 1 0
github.com/piiano/restcontroller/router/binders.go:121.40,122.32 1 0
github.com/piiano/restcontroller/router/binders.go:122.32,124.4 1 0
github.com/piiano/restcontroller/router/binders.go:128.124,130.41 2 0
github.com/piiano/restcontroller/router/binders.go:133.2,133.59 1 0
github.com/piiano/restcontroller/router/binders.go:136.2,136.85 1 0
github.com/piiano/restcontroller/router/binders.go:130.41,132.3 1 0
github.com/piiano/restcontroller/router/binders.go:133.59,135.3 1 0
github.com/piiano/restcontroller/router/binders.go:139.125,141.37 2 0
github.com/piiano/restcontroller/router/binders.go:149.2,149.108 1 0
github.com/piiano/restcontroller/router/binders.go:141.37,142.42 1 0
github.com/piiano/restcontroller/router/binders.go:145.3,145.61 1 0
github.com/piiano/restcontroller/router/binders.go:142.42,144.4 1 0
github.com/piiano/restcontroller/router/binders.go:145.61,147.4 1 0
github.com/piiano/restcontroller/router/builder.go:34.55,36.2 1 0
github.com/piiano/restcontroller/router/builder.go:39.83,50.2 1 0
github.com/piiano/restcontroller/router/builder.go:52.23,58.2 1 0
github.com/piiano/restcontroller/router/builder.go:60.59,63.2 2 0
github.com/piiano/restcontroller/router/builder.go:64.57,67.2 2 0
github.com/piiano/restcontroller/router/builder.go:68.101,71.2 2 0
github.com/piiano/restcontroller/router/builder.go:72.75,75.2 2 0
github.com/piiano/restcontroller/router/builder.go:76.54,78.2 1 0
github.com/piiano/restcontroller/router/builder.go:80.48,83.2 2 0
github.com/piiano/restcontroller/router/builder.go:84.46,87.2 2 0
github.com/piiano/restcontroller/router/builder.go:89.90,96.2 2 0
github.com/piiano/restcontroller/router/builder.go:98.31,98.44 1 0
github.com/piiano/restcontroller/router/builder.go:100.40,107.2 1 0
github.com/piiano/restcontroller/router/handler.go:27.46,29.2 1 0
github.com/piiano/restcontroller/router/handler.go:57.68,59.2 1 0
github.com/piiano/restcontroller/router/handler.go:62.62,68.2 1 0
github.com/piiano/restcontroller/router/handler.go:71.67,73.2 1 0
github.com/piiano/restcontroller/router/handler.go:76.66,78.2 1 0
github.com/piiano/restcontroller/router/handler.go:80.101,83.52 3 0
github.com/piiano/restcontroller/router/handler.go:83.52,87.17 3 0
github.com/piiano/restcontroller/router/handler.go:91.3,93.65 2 0
github.com/piiano/restcontroller/router/handler.go:87.17,89.4 1 0
github.com/piiano/restcontroller/router/handler.go:98.87,100.33 2 0
github.com/piiano/restcontroller/router/handler.go:107.2,111.8 1 0
github.com/piiano/restcontroller/router/handler.go:100.33,101.35 1 0
github.com/piiano/restcontroller/router/handler.go:101.35,102.33 1 0
github.com/piiano/restcontroller/router/handler.go:102.33,104.5 1 0
github.com/piiano/restcontroller/router/response.go:14.56,16.44 2 0
github.com/piiano/restcontroller/router/response.go:19.2,19.49 1 0
github.com/piiano/restcontroller/router/response.go:47.2,47.25 1 0
github.com/piiano/restcontroller/router/response.go:16.44,18.3 1 0
github.com/piiano/restcontroller/router/response.go:19.49,21.51 1 0
github.com/piiano/restcontroller/router/response.go:24.3,24.22 1 0
github.com/piiano/restcontroller/router/response.go:31.3,32.10 2 0
github.com/piiano/restcontroller/router/response.go:35.3,36.17 2 0
github.com/piiano/restcontroller/router/response.go:40.3,45.4 1 0
github.com/piiano/restcontroller/router/response.go:21.51,22.12 1 0
github.com/piiano/restcontroller/router/response.go:24.22,25.63 1 0
github.com/piiano/restcontroller/router/response.go:28.4,28.12 1 0
github.com/piiano/restcontroller/router/response.go:25.63,27.5 1 0
github.com/piiano/restcontroller/router/response.go:32.10,33.12 1 0
github.com/piiano/restcontroller/router/response.go:36.17,37.12 1 0
github.com/piiano/restcontroller/router/response.go:51.52,53.49 2 0
github.com/piiano/restcontroller/router/response.go:56.2,56.25 1 0
github.com/piiano/restcontroller/router/response.go:53.49,55.3 1 0
github.com/piiano/restcontroller/router/validations.go:21.75,25.40 4 0
github.com/piiano/restcontroller/router/validations.go:32.2,33.92 2 0
github.com/piiano/restcontroller/router/validations.go:25.40,26.40 1 0
github.com/piiano/restcontroller/router/validations.go:30.3,30.50 1 0
github.com/piiano/restcontroller/router/validations.go:26.40,29.4 1 0
github.com/piiano/restcontroller/router/validations.go:37.94,39.41 2 0
github.com/piiano/restcontroller/router/validations.go:46.2,46.70 1 0
github.com/piiano/restcontroller/router/validations.go:39.41,40.48 1 0
github.com/piiano/restcontroller/router/validations.go:40.48,41.50 1 0
github.com/piiano/restcontroller/router/validations.go:41.50,43.5 1 0
github.com/piiano/restcontroller/router/validations.go:50.45,54.51 4 0
github.com/piiano/restcontroller/router/validations.go:60.2,60.31 1 0
github.com/piiano/restcontroller/router/validations.go:54.51,56.13 2 0
github.com/piiano/restcontroller/router/validations.go:56.13,58.4 1 0
github.com/piiano/restcontroller/router/validations.go:64.63,68.12 4 0
github.com/piiano/restcontroller/router/validations.go:71.2,71.50 1 0
github.com/piiano/restcontroller/router/validations.go:77.2,78.29 2 0
github.com/piiano/restcontroller/router/validations.go:68.12,70.3 1 0
github.com/piiano/restcontroller/router/validations.go:71.50,76.3 4 0
github.com/piiano/restcontroller/router/validations.go:82.116,85.103 3 0
github.com/piiano/restcontroller/router/validations.go:88.2,88.42 1 0
github.com/piiano/restcontroller/router/validations.go:100.2,100.120 1 0
github.com/piiano/restcontroller/router/validations.go:85.103,87.3 1 0
github.com/piiano/restcontroller/router/validations.go:88.42,90.17 2 0
github.com/piiano/restcontroller/router/validations.go:94.3,94.33 1 0
github.com/piiano/restcontroller/router/validations.go:90.17,92.12 2 0
github.com/piiano/restcontroller/router/validations.go:94.33,97.4 1 0
github.com/piiano/restcontroller/router/validations.go:105.142,108.25 3 0
github.com/piiano/restcontroller/router/validations.go:111.2,112.21 2 0
github.com/piiano/restcontroller/router/validations.go:116.2,116.51 1 0
github.com/piiano/restcontroller/router/validations.go:120.2,120.29 1 0
github.com/piiano/restcontroller/router/validations.go:108.25,110.3 1 0
github.com/piiano/restcontroller/router/validations.go:112.21,115.3 2 0
github.com/piiano/restcontroller/router/validations.go:116.51,119.3 1 0
github.com/piiano/restcontroller/router/validations.go:125.142,128.2 1 0
github.com/piiano/restcontroller/router/validations.go:132.143,134.2 1 0
github.com/piiano/restcontroller/router/validations.go:138.169,140.27 2 0
github.com/piiano/restcontroller/router/validations.go:143.2,144.58 2 0
github.com/piiano/restcontroller/router/validations.go:160.2,160.29 1 0
github.com/piiano/restcontroller/router/validations.go:140.27,142.3 1 0
github.com/piiano/restcontroller/router/validations.go:144.58,146.34 2 0
github.com/piiano/restcontroller/router/validations.go:149.3,149.17 1 0
github.com/piiano/restcontroller/router/validations.go:152.3,153.27 2 0
github.com/piiano/restcontroller/router/validations.go:158.3,158.106 1 0
github.com/piiano/restcontroller/router/validations.go:146.34,147.12 1 0
github.com/piiano/restcontroller/router/validations.go:149.17,151.4 1 0
github.com/piiano/restcontroller/router/validations.go:153.27,155.12 2 0
github.com/piiano/restcontroller/router/validations.go:165.140,168.50 3 0
github.com/piiano/restcontroller/router/validations.go:180.2,180.29 1 0
github.com/piiano/restcontroller/router/validations.go:168.50,170.26 2 0
github.com/piiano/restcontroller/router/validations.go:174.3,175.56 2 0
github.com/piiano/restcontroller/router/validations.go:170.26,172.12 2 0
github.com/piiano/restcontroller/router/validations.go:175.56,178.4 1 0
github.com/piiano/restcontroller/router/utils/sets.go:8.35,8.54 1 1
github.com/piiano/restcontroller/router/utils/sets.go:12.35,16.2 3 1
github.com/piiano/restcontroller/router/utils/sets.go:20.38,24.2 3 1
github.com/piiano/restcontroller/router/utils/sets.go:27.32,29.28 2 1
github.com/piiano/restcontroller/router/utils/sets.go:32.2,32.14 1 1
github.com/piiano/restcontroller/router/utils/sets.go:29.28,31.3 1 1
github.com/piiano/restcontroller/router/utils/sets.go:36.49,38.35 2 1
github.com/piiano/restcontroller/router/utils/sets.go:41.2,41.12 1 1
github.com/piiano/restcontroller/router/utils/sets.go:38.35,40.3 1 1
github.com/piiano/restcontroller/router/content_types.go:20.63,20.92 1 0
github.com/piiano/restcontroller/router/content_types.go:21.63,21.93 1 0
github.com/piiano/restcontroller/router/content_types.go:22.63,22.101 1 0
github.com/piiano/restcontroller/router/content_types.go:26.63,26.92 1 0
github.com/piiano/restcontroller/router/content_types.go:27.63,27.93 1 0
github.com/piiano/restcontroller/router/content_types.go:28.63,28.101 1 0
github.com/piiano/restcontroller/router/content_types.go:32.40,32.69 1 0
github.com/piiano/restcontroller/router/content_types.go:33.60,37.2 3 0
github.com/piiano/restcontroller/router/content_types.go:38.63,38.101 1 0
github.com/piiano/restcontroller/router/content_types.go:40.41,47.50 3 0
github.com/piiano/restcontroller/router/content_types.go:50.2,50.21 1 0
github.com/piiano/restcontroller/router/content_types.go:47.50,49.3 1 0
github.com/piiano/restcontroller/router/error_messages.go:8.76,10.2 1 0
github.com/piiano/restcontroller/router/error_messages.go:12.60,14.2 1 0
github.com/piiano/restcontroller/router/error_messages.go:16.53,18.2 1 0
github.com/piiano/restcontroller/router/error_messages.go:20.53,22.2 1 0
github.com/piiano/restcontroller/router/error_messages.go:24.66,26.2 1 0
github.com/piiano/restcontroller/router/error_messages.go:28.120,30.2 1 0
github.com/piiano/restcontroller/router/error_messages.go:32.82,34.2 1 0
github.com/piiano/restcontroller/router/error_messages.go:36.93,38.2 1 0
github.com/piiano/restcontroller/router/error_messages.go:40.80,42.2 1 0
github.com/piiano/restcontroller/router/error_messages.go:44.87,46.2 1 0
github.com/piiano/restcontroller/router/error_messages.go:48.96,50.2 1 0
github.com/piiano/restcontroller/router/error_messages.go:52.90,54.2 1 0
github.com/piiano/restcontroller/router/helpers.go:5.36,8.2 2 1
github.com/piiano/restcontroller/router/schema_validator/array_schema_validator.go:8.65,9.38 1 0
github.com/piiano/restcontroller/router/schema_validator/array_schema_validator.go:12.2,12.74 1 0
github.com/piiano/restcontroller/router/schema_validator/array_schema_validator.go:15.2,15.79 1 0
github.com/piiano/restcontroller/router/schema_validator/array_schema_validator.go:9.38,11.3 1 0
github.com/piiano/restcontroller/router/schema_validator/array_schema_validator.go:12.74,14.3 1 0
github.com/piiano/restcontroller/router/schema_validator/boolean_schema_validator.go:8.67,9.40 1 0
github.com/piiano/restcontroller/router/schema_validator/boolean_schema_validator.go:12.2,12.37 1 0
github.com/piiano/restcontroller/router/schema_validator/boolean_schema_validator.go:15.2,15.12 1 0
github.com/piiano/restcontroller/router/schema_validator/boolean_schema_validator.go:9.40,11.3 1 0
github.com/piiano/restcontroller/router/schema_validator/boolean_schema_validator.go:12.37,14.3 1 0
github.com/piiano/restcontroller/router/schema_validator/schema_allof_validator.go:3.65,4.27 1 0
github.com/piiano/restcontroller/router/schema_validator/schema_allof_validator.go:7.2,8.40 2 0
github.com/piiano/restcontroller/router/schema_validator/schema_allof_validator.go:11.2,11.112 1 0
github.com/piiano/restcontroller/router/schema_validator/schema_allof_validator.go:4.27,6.3 1 0
github.com/piiano/restcontroller/router/schema_validator/schema_allof_validator.go:8.40,10.3 1 0
github.com/piiano/restcontroller/router/schema_validator/string_schema_validator.go:9.66,11.39 2 0
github.com/piiano/restcontroller/router/schema_validator/string_schema_validator.go:14.2,14.25 1 0
github.com/piiano/restcontroller/router/schema_validator/string_schema_validator.go:35.2,35.77 1 0
github.com/piiano/restcontroller/router/schema_validator/string_schema_validator.go:11.39,13.3 1 0
github.com/piiano/restcontroller/router/schema_validator/string_schema_validator.go:15.10,16.40 1 0
github.com/piiano/restcontroller/router/schema_validator/string_schema_validator.go:19.18,20.82 1 0
github.com/piiano/restcontroller/router/schema_validator/string_schema_validator.go:23.18,24.82 1 0
github.com/piiano/restcontroller/router/schema_validator/string_schema_validator.go:30.96,31.40 1 0
github.com/piiano/restcontroller/router/schema_validator/string_schema_validator.go:16.40,18.4 1 0
github.com/piiano/restcontroller/router/schema_validator/string_schema_validator.go:20.82,22.4 1 0
github.com/piiano/restcontroller/router/schema_validator/string_schema_validator.go:24.82,26.4 1 0
github.com/piiano/restcontroller/router/schema_validator/string_schema_validator.go:31.40,33.4 1 0
github.com/piiano/restcontroller/router/core.go:11.51,13.66 2 0
github.com/piiano/restcontroller/router/core.go:17.2,19.40 3 0
github.com/piiano/restcontroller/router/core.go:27.2,27.20 1 0
github.com/piiano/restcontroller/router/core.go:13.66,15.3 1 0
github.com/piiano/restcontroller/router/core.go:19.40,26.3 6 0
github.com/piiano/restcontroller/router/core.go:30.41,32.2 1 0
github.com/piiano/restcontroller/router/core.go:36.45,38.91 2 0
github.com/piiano/restcontroller/router/core.go:38.91,44.3 1 0
github.com/piiano/restcontroller/router/core.go:47.77,49.42 2 0
github.com/piiano/restcontroller/router/core.go:52.2,52.13 1 0
github.com/piiano/restcontroller/router/core.go:49.42,51.3 1 0
github.com/piiano/restcontroller/router/core.go:55.79,56.91 1 0
github.com/piiano/restcontroller/router/core.go:56.91,57.32 1 0
github.com/piiano/restcontroller/router/core.go:60.3,67.48 3 0
github.com/piiano/restcontroller/router/core.go:57.32,59.4 1 0
github.com/piiano/restcontroller/router/core.go:67.48,72.4 4 0
github.com/piiano/restcontroller/router/core.go:76.58,77.30 1 0
github.com/piiano/restcontroller/router/core.go:77.30,80.3 2 0
github.com/piiano/restcontroller/router/utils/slices.go:3.63,4.30 1 1
github.com/piiano/restcontroller/router/utils/slices.go:9.2,10.21 2 1
github.com/piiano/restcontroller/router/utils/slices.go:4.30,5.17 1 1
github.com/piiano/restcontroller/router/utils/slices.go:5.17,7.4 1 1
github.com/piiano/restcontroller/router/utils/slices.go:13.60,14.30 1 1
github.com/piiano/restcontroller/router/utils/slices.go:19.2,19.11 1 1
github.com/piiano/restcontroller/router/utils/slices.go:14.30,15.17 1 1
github.com/piiano/restcontroller/router/utils/slices.go:15.17,17.4 1 1
github.com/piiano/restcontroller/router/utils/slices.go:22.64,23.42 1 1
github.com/piiano/restcontroller/router/utils/slices.go:28.2,28.11 1 1
github.com/piiano/restcontroller/router/utils/slices.go:23.42,24.26 1 1
github.com/piiano/restcontroller/router/utils/slices.go:24.26,26.4 1 1
github.com/piiano/restcontroller/router/utils/slices.go:31.61,33.35 2 1
github.com/piiano/restcontroller/router/utils/slices.go:38.2,38.17 1 1
github.com/piiano/restcontroller/router/utils/slices.go:33.35,34.24 1 1
github.com/piiano/restcontroller/router/utils/slices.go:34.24,36.4 1 1
github.com/piiano/restcontroller/router/utils/slices.go:41.55,43.35 2 1
github.com/piiano/restcontroller/router/utils/slices.go:46.2,46.23 1 1
github.com/piiano/restcontroller/router/utils/slices.go:43.35,45.3 1 1
github.com/piiano/restcontroller/router/utils/slices.go:49.45,51.27 2 1
github.com/piiano/restcontroller/router/utils/slices.go:54.2,54.15 1 1
github.com/piiano/restcontroller/router/utils/slices.go:51.27,53.3 1 1
github.com/piiano/restcontroller/router/schema_validator/error_messages.go:9.107,11.2 1 0
github.com/piiano/restcontroller/router/schema_validator/error_messages.go:12.87,14.17 2 0
github.com/piiano/restcontroller/router/schema_validator/error_messages.go:17.2,17.109 1 0
github.com/piiano/restcontroller/router/schema_validator/error_messages.go:14.17,16.3 1 0
github.com/piiano/restcontroller/router/schema_validator/error_messages.go:20.101,22.2 1 0
github.com/piiano/restcontroller/router/schema_validator/error_messages.go:23.91,25.2 1 0
github.com/piiano/restcontroller/router/schema_validator/error_messages.go:27.85,28.16 1 0
github.com/piiano/restcontroller/router/schema_validator/error_messages.go:31.2,31.12 1 0
github.com/piiano/restcontroller/router/schema_validator/error_messages.go:28.16,30.3 1 0
github.com/piiano/restcontroller/router/binders.go:17.95,23.94 4 1
github.com/piiano/restcontroller/router/binders.go:23.94,30.71 2 1
github.com/piiano/restcontroller/router/binders.go:33.3,33.71 1 1
github.com/piiano/restcontroller/router/binders.go:36.3,36.78 1 1
github.com/piiano/restcontroller/router/binders.go:39.3,39.22 1 1
github.com/piiano/restcontroller/router/binders.go:30.71,32.4 1 0
github.com/piiano/restcontroller/router/binders.go:33.71,35.4 1 0
github.com/piiano/restcontroller/router/binders.go:36.78,38.4 1 0
github.com/piiano/restcontroller/router/binders.go:44.125,45.32 1 1
github.com/piiano/restcontroller/router/binders.go:48.2,48.46 1 1
github.com/piiano/restcontroller/router/binders.go:45.32,46.47 1 0
github.com/piiano/restcontroller/router/binders.go:46.47,46.61 1 0
github.com/piiano/restcontroller/router/binders.go:48.46,50.17 2 1
github.com/piiano/restcontroller/router/binders.go:53.3,54.17 2 1
github.com/piiano/restcontroller/router/binders.go:57.3,57.60 1 1
github.com/piiano/restcontroller/router/binders.go:60.3,60.13 1 1
github.com/piiano/restcontroller/router/binders.go:50.17,52.4 1 0
github.com/piiano/restcontroller/router/binders.go:54.17,56.4 1 0
github.com/piiano/restcontroller/router/binders.go:57.60,59.4 1 0
github.com/piiano/restcontroller/router/binders.go:65.95,66.31 1 1
github.com/piiano/restcontroller/router/binders.go:69.2,69.62 1 1
github.com/piiano/restcontroller/router/binders.go:66.31,67.57 1 0
github.com/piiano/restcontroller/router/binders.go:67.57,67.71 1 0
github.com/piiano/restcontroller/router/binders.go:69.62,71.29 2 1
github.com/piiano/restcontroller/router/binders.go:74.3,74.44 1 1
github.com/piiano/restcontroller/router/binders.go:71.29,73.4 1 1
github.com/piiano/restcontroller/router/binders.go:79.92,80.32 1 1
github.com/piiano/restcontroller/router/binders.go:83.2,83.53 1 1
github.com/piiano/restcontroller/router/binders.go:80.32,81.40 1 0
github.com/piiano/restcontroller/router/binders.go:81.40,81.54 1 0
github.com/piiano/restcontroller/router/binders.go:83.53,84.60 1 1
github.com/piiano/restcontroller/router/binders.go:87.3,87.13 1 1
github.com/piiano/restcontroller/router/binders.go:84.60,86.4 1 0
github.com/piiano/restcontroller/router/binders.go:90.108,91.101 1 1
github.com/piiano/restcontroller/router/binders.go:91.101,93.17 2 1
github.com/piiano/restcontroller/router/binders.go:96.3,97.13 2 1
github.com/piiano/restcontroller/router/binders.go:100.3,101.30 2 1
github.com/piiano/restcontroller/router/binders.go:109.3,116.9 4 1
github.com/piiano/restcontroller/router/binders.go:93.17,95.4 1 0
github.com/piiano/restcontroller/router/binders.go:97.13,99.4 1 0
github.com/piiano/restcontroller/router/binders.go:101.30,104.18 3 1
github.com/piiano/restcontroller/router/binders.go:107.4,107.53 1 1
github.com/piiano/restcontroller/router/binders.go:104.18,106.5 1 0
github.com/piiano/restcontroller/router/binders.go:120.76,121.40 1 1
github.com/piiano/restcontroller/router/binders.go:121.40,122.32 1 1
github.com/piiano/restcontroller/router/binders.go:122.32,124.4 1 1
github.com/piiano/restcontroller/router/binders.go:128.124,130.41 2 1
github.com/piiano/restcontroller/router/binders.go:133.2,133.59 1 1
github.com/piiano/restcontroller/router/binders.go:136.2,136.85 1 0
github.com/piiano/restcontroller/router/binders.go:130.41,132.3 1 0
github.com/piiano/restcontroller/router/binders.go:133.59,135.3 1 1
github.com/piiano/restcontroller/router/binders.go:139.125,141.37 2 1
github.com/piiano/restcontroller/router/binders.go:149.2,149.108 1 0
github.com/piiano/restcontroller/router/binders.go:141.37,142.42 1 1
github.com/piiano/restcontroller/router/binders.go:145.3,145.61 1 0
github.com/piiano/restcontroller/router/binders.go:142.42,144.4 1 1
github.com/piiano/restcontroller/router/binders.go:145.61,147.4 1 0
github.com/piiano/restcontroller/router/core.go:11.51,13.66 2 1
github.com/piiano/restcontroller/router/core.go:17.2,19.40 3 1
github.com/piiano/restcontroller/router/core.go:27.2,27.20 1 1
github.com/piiano/restcontroller/router/core.go:13.66,15.3 1 0
github.com/piiano/restcontroller/router/core.go:19.40,26.3 6 1
github.com/piiano/restcontroller/router/core.go:30.41,32.2 1 1
github.com/piiano/restcontroller/router/core.go:36.45,38.91 2 1
github.com/piiano/restcontroller/router/core.go:38.91,44.3 1 1
github.com/piiano/restcontroller/router/core.go:47.77,49.42 2 1
github.com/piiano/restcontroller/router/core.go:52.2,52.13 1 1
github.com/piiano/restcontroller/router/core.go:49.42,51.3 1 1
github.com/piiano/restcontroller/router/core.go:55.79,56.91 1 1
github.com/piiano/restcontroller/router/core.go:56.91,57.32 1 1
github.com/piiano/restcontroller/router/core.go:60.3,67.48 3 1
github.com/piiano/restcontroller/router/core.go:57.32,59.4 1 1
github.com/piiano/restcontroller/router/core.go:67.48,72.4 4 1
github.com/piiano/restcontroller/router/core.go:76.58,77.30 1 1
github.com/piiano/restcontroller/router/core.go:77.30,80.3 2 0
github.com/piiano/restcontroller/router/source_position.go:9.58,11.14 2 1
github.com/piiano/restcontroller/router/source_position.go:14.2,14.33 1 1
github.com/piiano/restcontroller/router/source_position.go:17.2,17.30 1 1
github.com/piiano/restcontroller/router/source_position.go:20.2,22.57 3 1
github.com/piiano/restcontroller/router/source_position.go:11.14,13.3 1 0
github.com/piiano/restcontroller/router/source_position.go:14.33,16.3 1 0
github.com/piiano/restcontroller/router/source_position.go:17.30,19.3 1 0
github.com/piiano/restcontroller/router/source_position.go:31.42,33.2 1 0
github.com/piiano/restcontroller/router/utils/maps.go:3.53,6.21 3 1
github.com/piiano/restcontroller/router/utils/maps.go:10.2,10.13 1 1
github.com/piiano/restcontroller/router/utils/maps.go:6.21,9.3 2 1
github.com/piiano/restcontroller/router/utils/maps.go:13.55,16.26 3 0
github.com/piiano/restcontroller/router/utils/maps.go:20.2,20.15 1 0
github.com/piiano/restcontroller/router/utils/maps.go:16.26,19.3 2 0
github.com/piiano/restcontroller/router/utils/maps.go:28.66,31.28 3 0
github.com/piiano/restcontroller/router/utils/maps.go:35.2,35.15 1 0
github.com/piiano/restcontroller/router/utils/maps.go:31.28,34.3 2 0
github.com/piiano/restcontroller/router/utils/maps.go:38.70,40.32 2 0
github.com/piiano/restcontroller/router/utils/maps.go:43.2,43.10 1 0
github.com/piiano/restcontroller/router/utils/maps.go:40.32,42.3 1 0
github.com/piiano/restcontroller/router/utils/maps.go:46.52,48.28 2 0
github.com/piiano/restcontroller/router/utils/maps.go:51.2,51.10 1 0
github.com/piiano/restcontroller/router/utils/maps.go:48.28,50.3 1 0
github.com/piiano/restcontroller/router/utils/slices.go:3.63,4.30 1 0
github.com/piiano/restcontroller/router/utils/slices.go:9.2,10.21 2 0
github.com/piiano/restcontroller/router/utils/slices.go:4.30,5.17 1 0
github.com/piiano/restcontroller/router/utils/slices.go:5.17,7.4 1 0
github.com/piiano/restcontroller/router/utils/slices.go:13.60,14.30 1 0
github.com/piiano/restcontroller/router/utils/slices.go:19.2,19.11 1 0
github.com/piiano/restcontroller/router/utils/slices.go:14.30,15.17 1 0
github.com/piiano/restcontroller/router/utils/slices.go:15.17,17.4 1 0
github.com/piiano/restcontroller/router/utils/slices.go:22.64,23.42 1 0
github.com/piiano/restcontroller/router/utils/slices.go:28.2,28.11 1 0
github.com/piiano/restcontroller/router/utils/slices.go:23.42,24.26 1 0
github.com/piiano/restcontroller/router/utils/slices.go:24.26,26.4 1 0
github.com/piiano/restcontroller/router/utils/slices.go:31.61,33.35 2 0
github.com/piiano/restcontroller/router/utils/slices.go:38.2,38.17 1 0
github.com/piiano/restcontroller/router/utils/slices.go:33.35,34.24 1 0
github.com/piiano/restcontroller/router/utils/slices.go:34.24,36.4 1 0
github.com/piiano/restcontroller/router/utils/slices.go:41.55,43.35 2 1
github.com/piiano/restcontroller/router/utils/slices.go:46.2,46.23 1 1
github.com/piiano/restcontroller/router/utils/slices.go:43.35,45.3 1 1
github.com/piiano/restcontroller/router/utils/slices.go:49.45,51.27 2 1
github.com/piiano/restcontroller/router/utils/slices.go:54.2,54.15 1 1
github.com/piiano/restcontroller/router/utils/slices.go:51.27,53.3 1 1
github.com/piiano/restcontroller/router/schema_validator/integer_schema_validator.go:7.67,9.40 2 0
github.com/piiano/restcontroller/router/schema_validator/integer_schema_validator.go:12.2,12.25 1 0
github.com/piiano/restcontroller/router/schema_validator/integer_schema_validator.go:18.2,18.25 1 0
github.com/piiano/restcontroller/router/schema_validator/integer_schema_validator.go:29.2,29.77 1 0
github.com/piiano/restcontroller/router/schema_validator/integer_schema_validator.go:9.40,11.3 1 0
github.com/piiano/restcontroller/router/schema_validator/integer_schema_validator.go:14.96,14.96 0 0
github.com/piiano/restcontroller/router/schema_validator/integer_schema_validator.go:15.10,16.72 1 0
github.com/piiano/restcontroller/router/schema_validator/integer_schema_validator.go:19.19,20.39 1 0
github.com/piiano/restcontroller/router/schema_validator/integer_schema_validator.go:23.19,24.39 1 0
github.com/piiano/restcontroller/router/schema_validator/integer_schema_validator.go:20.39,22.4 1 0
github.com/piiano/restcontroller/router/schema_validator/integer_schema_validator.go:24.39,26.4 1 0
github.com/piiano/restcontroller/router/schema_validator/string_schema_validator.go:9.66,11.39 2 0
github.com/piiano/restcontroller/router/schema_validator/string_schema_validator.go:14.2,14.25 1 0
github.com/piiano/restcontroller/router/schema_validator/string_schema_validator.go:35.2,35.77 1 0
github.com/piiano/restcontroller/router/schema_validator/string_schema_validator.go:11.39,13.3 1 0
github.com/piiano/restcontroller/router/schema_validator/string_schema_validator.go:15.10,16.40 1 0
github.com/piiano/restcontroller/router/schema_validator/string_schema_validator.go:19.18,20.82 1 0
github.com/piiano/restcontroller/router/schema_validator/string_schema_validator.go:23.18,24.82 1 0
github.com/piiano/restcontroller/router/schema_validator/string_schema_validator.go:30.96,31.40 1 0
github.com/piiano/restcontroller/router/schema_validator/string_schema_validator.go:16.40,18.4 1 0
github.com/piiano/restcontroller/router/schema_validator/string_schema_validator.go:20.82,22.4 1 0
github.com/piiano/restcontroller/router/schema_validator/string_schema_validator.go:24.82,26.4 1 0
github.com/piiano/restcontroller/router/schema_validator/string_schema_validator.go:31.40,33.4 1 0
github.com/piiano/restcontroller/router/helpers.go:5.36,8.2 2 1
github.com/piiano/restcontroller/router/spec.go:9.56,11.16 2 0
github.com/piiano/restcontroller/router/spec.go:14.2,14.32 1 0
github.com/piiano/restcontroller/router/spec.go:11.16,13.3 1 0
github.com/piiano/restcontroller/router/spec.go:17.56,19.16 2 1
github.com/piiano/restcontroller/router/spec.go:22.2,22.32 1 1
github.com/piiano/restcontroller/router/spec.go:19.16,21.3 1 0
github.com/piiano/restcontroller/router/spec.go:25.28,28.2 2 0
github.com/piiano/restcontroller/router/spec.go:30.77,31.38 1 1
github.com/piiano/restcontroller/router/spec.go:38.2,38.31 1 0
github.com/piiano/restcontroller/router/spec.go:31.38,32.53 1 1
github.com/piiano/restcontroller/router/spec.go:32.53,33.32 1 1
github.com/piiano/restcontroller/router/spec.go:33.32,35.5 1 1
github.com/piiano/restcontroller/router/spec.go:42.54,44.35 2 1
github.com/piiano/restcontroller/router/spec.go:61.2,61.21 1 1
github.com/piiano/restcontroller/router/spec.go:44.35,45.48 1 1
github.com/piiano/restcontroller/router/spec.go:45.48,46.68 1 1
github.com/piiano/restcontroller/router/spec.go:51.4,51.46 1 1
github.com/piiano/restcontroller/router/spec.go:46.68,47.63 1 1
github.com/piiano/restcontroller/router/spec.go:47.63,49.6 1 1
github.com/piiano/restcontroller/router/spec.go:51.46,52.30 1 1
github.com/piiano/restcontroller/router/spec.go:55.5,55.53 1 1
github.com/piiano/restcontroller/router/spec.go:52.30,53.14 1 0
github.com/piiano/restcontroller/router/spec.go:55.53,57.6 1 1
github.com/piiano/restcontroller/router/schema_validator/schema_allof_validator.go:3.65,4.27 1 0
github.com/piiano/restcontroller/router/schema_validator/schema_allof_validator.go:7.2,8.40 2 0
github.com/piiano/restcontroller/router/schema_validator/schema_allof_validator.go:11.2,11.112 1 0
github.com/piiano/restcontroller/router/schema_validator/schema_allof_validator.go:4.27,6.3 1 0
github.com/piiano/restcontroller/router/schema_validator/schema_allof_validator.go:8.40,10.3 1 0
github.com/piiano/restcontroller/router/schema_validator/schema_validator.go:55.75,60.2 1 0
github.com/piiano/restcontroller/router/schema_validator/schema_validator.go:63.137,70.2 1 0
github.com/piiano/restcontroller/router/schema_validator/schema_validator.go:72.62,74.2 1 0
github.com/piiano/restcontroller/router/schema_validator/schema_validator.go:75.63,77.2 1 0
github.com/piiano/restcontroller/router/schema_validator/schema_validator.go:87.89,90.2 2 0
github.com/piiano/restcontroller/router/schema_validator/schema_validator.go:91.87,95.2 3 0
github.com/piiano/restcontroller/router/schema_validator/schema_validator.go:96.92,100.2 3 0
github.com/piiano/restcontroller/router/schema_validator/schema_validator.go:101.120,106.2 4 0
github.com/piiano/restcontroller/router/schema_validator/schema_validator.go:107.54,115.23 5 0
github.com/piiano/restcontroller/router/schema_validator/schema_validator.go:129.2,129.36 1 0
github.com/piiano/restcontroller/router/schema_validator/schema_validator.go:116.24,117.51 1 0
github.com/piiano/restcontroller/router/schema_validator/schema_validator.go:118.23,119.50 1 0
github.com/piiano/restcontroller/router/schema_validator/schema_validator.go:120.24,121.51 1 0
github.com/piiano/restcontroller/router/schema_validator/schema_validator.go:122.25,123.52 1 0
github.com/piiano/restcontroller/router/schema_validator/schema_validator.go:124.24,125.51 1 0
github.com/piiano/restcontroller/router/schema_validator/schema_validator.go:126.25,127.52 1 0
github.com/piiano/restcontroller/router/content_types.go:20.63,20.92 1 1
github.com/piiano/restcontroller/router/content_types.go:21.63,21.93 1 1
github.com/piiano/restcontroller/router/content_types.go:22.63,22.101 1 1
github.com/piiano/restcontroller/router/content_types.go:26.63,26.92 1 1
github.com/piiano/restcontroller/router/content_types.go:27.63,27.93 1 0
github.com/piiano/restcontroller/router/content_types.go:28.63,28.101 1 0
github.com/piiano/restcontroller/router/content_types.go:32.40,32.69 1 1
github.com/piiano/restcontroller/router/content_types.go:33.60,37.2 3 0
github.com/piiano/restcontroller/router/content_types.go:38.63,38.101 1 0
github.com/piiano/restcontroller/router/content_types.go:40.41,47.50 3 1
github.com/piiano/restcontroller/router/content_types.go:50.2,50.21 1 1
github.com/piiano/restcontroller/router/content_types.go:47.50,49.3 1 1
github.com/piiano/restcontroller/router/options.go:61.83,63.8 2 1
github.com/piiano/restcontroller/router/options.go:66.2,66.37 1 1
github.com/piiano/restcontroller/router/options.go:63.8,65.3 1 0
github.com/piiano/restcontroller/router/options.go:69.31,74.2 1 1
github.com/piiano/restcontroller/router/validations.go:21.75,25.40 4 1
github.com/piiano/restcontroller/router/validations.go:32.2,33.92 2 1
github.com/piiano/restcontroller/router/validations.go:25.40,26.40 1 1
github.com/piiano/restcontroller/router/validations.go:30.3,30.50 1 1
github.com/piiano/restcontroller/router/validations.go:26.40,29.4 1 0
github.com/piiano/restcontroller/router/validations.go:37.94,39.41 2 1
github.com/piiano/restcontroller/router/validations.go:46.2,46.70 1 1
github.com/piiano/restcontroller/router/validations.go:39.41,40.48 1 1
github.com/piiano/restcontroller/router/validations.go:40.48,41.50 1 1
github.com/piiano/restcontroller/router/validations.go:41.50,43.5 1 0
github.com/piiano/restcontroller/router/validations.go:50.45,54.51 4 1
github.com/piiano/restcontroller/router/validations.go:60.2,60.31 1 1
github.com/piiano/restcontroller/router/validations.go:54.51,56.13 2 1
github.com/piiano/restcontroller/router/validations.go:56.13,58.4 1 0
github.com/piiano/restcontroller/router/validations.go:64.63,68.12 4 1
github.com/piiano/restcontroller/router/validations.go:71.2,71.50 1 1
github.com/piiano/restcontroller/router/validations.go:77.2,78.29 2 1
github.com/piiano/restcontroller/router/validations.go:68.12,70.3 1 0
github.com/piiano/restcontroller/router/validations.go:71.50,76.3 4 0
github.com/piiano/restcontroller/router/validations.go:82.116,85.103 3 1
github.com/piiano/restcontroller/router/validations.go:88.2,88.42 1 1
github.com/piiano/restcontroller/router/validations.go:100.2,100.120 1 1
github.com/piiano/restcontroller/router/validations.go:85.103,87.3 1 1
github.com/piiano/restcontroller/router/validations.go:88.42,90.17 2 1
github.com/piiano/restcontroller/router/validations.go:94.3,94.33 1 1
github.com/piiano/restcontroller/router/validations.go:90.17,92.12 2 0
github.com/piiano/restcontroller/router/validations.go:94.33,97.4 1 0
github.com/piiano/restcontroller/router/validations.go:105.142,108.25 3 0
github.com/piiano/restcontroller/router/validations.go:111.2,112.21 2 0
github.com/piiano/restcontroller/router/validations.go:116.2,116.51 1 0
github.com/piiano/restcontroller/router/validations.go:120.2,120.29 1 0
github.com/piiano/restcontroller/router/validations.go:108.25,110.3 1 0
github.com/piiano/restcontroller/router/validations.go:112.21,115.3 2 0
github.com/piiano/restcontroller/router/validations.go:116.51,119.3 1 0
github.com/piiano/restcontroller/router/validations.go:125.142,128.2 1 0
github.com/piiano/restcontroller/router/validations.go:132.143,134.2 1 0
github.com/piiano/restcontroller/router/validations.go:138.169,140.27 2 0
github.com/piiano/restcontroller/router/validations.go:143.2,144.58 2 0
github.com/piiano/restcontroller/router/validations.go:160.2,160.29 1 0
github.com/piiano/restcontroller/router/validations.go:140.27,142.3 1 0
github.com/piiano/restcontroller/router/validations.go:144.58,146.34 2 0
github.com/piiano/restcontroller/router/validations.go:149.3,149.17 1 0
github.com/piiano/restcontroller/router/validations.go:152.3,153.27 2 0
github.com/piiano/restcontroller/router/validations.go:158.3,158.106 1 0
github.com/piiano/restcontroller/router/validations.go:146.34,147.12 1 0
github.com/piiano/restcontroller/router/validations.go:149.17,151.4 1 0
github.com/piiano/restcontroller/router/validations.go:153.27,155.12 2 0
github.com/piiano/restcontroller/router/validations.go:165.140,168.50 3 0
github.com/piiano/restcontroller/router/validations.go:180.2,180.29 1 0
github.com/piiano/restcontroller/router/validations.go:168.50,170.26 2 0
github.com/piiano/restcontroller/router/validations.go:174.3,175.56 2 0
github.com/piiano/restcontroller/router/validations.go:170.26,172.12 2 0
github.com/piiano/restcontroller/router/validations.go:175.56,178.4 1 0
github.com/piiano/restcontroller/router/schema_validator/array_schema_validator.go:8.65,9.38 1 0
github.com/piiano/restcontroller/router/schema_validator/array_schema_validator.go:12.2,12.74 1 0
github.com/piiano/restcontroller/router/schema_validator/array_schema_validator.go:15.2,15.79 1 0
github.com/piiano/restcontroller/router/schema_validator/array_schema_validator.go:9.38,11.3 1 0
github.com/piiano/restcontroller/router/schema_validator/array_schema_validator.go:12.74,14.3 1 0
github.com/piiano/restcontroller/router/schema_validator/schema_oneof_validator.go:8.65,9.27 1 0
github.com/piiano/restcontroller/router/schema_validator/schema_oneof_validator.go:12.2,13.116 2 0
github.com/piiano/restcontroller/router/schema_validator/schema_oneof_validator.go:16.2,16.20 1 0
github.com/piiano/restcontroller/router/schema_validator/schema_oneof_validator.go:23.2,23.19 1 0
github.com/piiano/restcontroller/router/schema_validator/schema_oneof_validator.go:29.2,29.97 1 0
github.com/piiano/restcontroller/router/schema_validator/schema_oneof_validator.go:9.27,11.3 1 0
github.com/piiano/restcontroller/router/schema_validator/schema_oneof_validator.go:13.116,15.3 1 0
github.com/piiano/restcontroller/router/schema_validator/schema_oneof_validator.go:16.20,18.32 2 0
github.com/piiano/restcontroller/router/schema_validator/schema_oneof_validator.go:18.32,21.4 2 0
github.com/piiano/restcontroller/router/schema_validator/schema_oneof_validator.go:23.19,25.30 2 0
github.com/piiano/restcontroller/router/schema_validator/schema_oneof_validator.go:25.30,27.4 1 0
github.com/piiano/restcontroller/router/handler.go:27.46,29.2 1 0
github.com/piiano/restcontroller/router/handler.go:57.68,59.2 1 1
github.com/piiano/restcontroller/router/handler.go:62.62,68.2 1 1
github.com/piiano/restcontroller/router/handler.go:71.67,73.2 1 1
github.com/piiano/restcontroller/router/handler.go:76.66,78.2 1 1
github.com/piiano/restcontroller/router/handler.go:80.101,83.52 3 1
github.com/piiano/restcontroller/router/handler.go:83.52,87.17 3 1
github.com/piiano/restcontroller/router/handler.go:91.3,93.65 2 1
github.com/piiano/restcontroller/router/handler.go:87.17,89.4 1 0
github.com/piiano/restcontroller/router/handler.go:98.87,100.33 2 1
github.com/piiano/restcontroller/router/handler.go:107.2,111.8 1 1
github.com/piiano/restcontroller/router/handler.go:100.33,101.35 1 0
github.com/piiano/restcontroller/router/handler.go:101.35,102.33 1 0
github.com/piiano/restcontroller/router/handler.go:102.33,104.5 1 0
github.com/piiano/restcontroller/router/response.go:14.56,16.44 2 1
github.com/piiano/restcontroller/router/response.go:19.2,19.49 1 1
github.com/piiano/restcontroller/router/response.go:47.2,47.25 1 1
github.com/piiano/restcontroller/router/response.go:16.44,18.3 1 0
github.com/piiano/restcontroller/router/response.go:19.49,21.51 1 1
github.com/piiano/restcontroller/router/response.go:24.3,24.22 1 1
github.com/piiano/restcontroller/router/response.go:31.3,32.10 2 1
github.com/piiano/restcontroller/router/response.go:35.3,36.17 2 1
github.com/piiano/restcontroller/router/response.go:40.3,45.4 1 1
github.com/piiano/restcontroller/router/response.go:21.51,22.12 1 0
github.com/piiano/restcontroller/router/response.go:24.22,25.63 1 0
github.com/piiano/restcontroller/router/response.go:28.4,28.12 1 0
github.com/piiano/restcontroller/router/response.go:25.63,27.5 1 0
github.com/piiano/restcontroller/router/response.go:32.10,33.12 1 0
github.com/piiano/restcontroller/router/response.go:36.17,37.12 1 0
github.com/piiano/restcontroller/router/response.go:51.52,53.49 2 1
github.com/piiano/restcontroller/router/response.go:56.2,56.25 1 1
github.com/piiano/restcontroller/router/response.go:53.49,55.3 1 0
github.com/piiano/restcontroller/router/builder.go:34.55,36.2 1 1
github.com/piiano/restcontroller/router/builder.go:39.83,50.2 1 1
github.com/piiano/restcontroller/router/builder.go:52.23,58.2 1 0
github.com/piiano/restcontroller/router/builder.go:60.59,63.2 2 0
github.com/piiano/restcontroller/router/builder.go:64.57,67.2 2 0
github.com/piiano/restcontroller/router/builder.go:68.101,71.2 2 1
github.com/piiano/restcontroller/router/builder.go:72.75,75.2 2 0
github.com/piiano/restcontroller/router/builder.go:76.54,78.2 1 1
github.com/piiano/restcontroller/router/builder.go:80.48,83.2 2 0
github.com/piiano/restcontroller/router/builder.go:84.46,87.2 2 0
github.com/piiano/restcontroller/router/builder.go:89.90,96.2 2 1
github.com/piiano/restcontroller/router/builder.go:98.31,98.44 1 0
github.com/piiano/restcontroller/router/builder.go:100.40,107.2 1 1
github.com/piiano/restcontroller/router/utils/logger.go:55.38,59.2 1 0
github.com/piiano/restcontroller/router/utils/logger.go:60.63,65.2 1 1
github.com/piiano/restcontroller/router/utils/logger.go:73.53,73.72 1 0
github.com/piiano/restcontroller/router/utils/logger.go:74.53,74.73 1 0
github.com/piiano/restcontroller/router/utils/logger.go:75.53,75.86 1 0
github.com/piiano/restcontroller/router/utils/logger.go:76.53,76.73 1 0
github.com/piiano/restcontroller/router/utils/logger.go:77.53,77.86 1 0
github.com/piiano/restcontroller/router/utils/logger.go:78.53,78.74 1 0
github.com/piiano/restcontroller/router/utils/logger.go:79.53,79.87 1 0
github.com/piiano/restcontroller/router/utils/logger.go:80.53,80.77 1 0
github.com/piiano/restcontroller/router/utils/logger.go:81.53,81.86 1 1
github.com/piiano/restcontroller/router/utils/logger.go:82.53,82.84 1 1
github.com/piiano/restcontroller/router/utils/logger.go:83.53,83.89 1 1
github.com/piiano/restcontroller/router/utils/logger.go:84.53,84.88 1 0
github.com/piiano/restcontroller/router/utils/logger.go:85.74,87.2 1 0
github.com/piiano/restcontroller/router/utils/logger.go:88.75,90.2 1 0
github.com/piiano/restcontroller/router/utils/logger.go:92.55,95.2 2 0
github.com/piiano/restcontroller/router/utils/logger.go:97.61,98.16 1 1
github.com/piiano/restcontroller/router/utils/logger.go:101.2,102.13 2 0
github.com/piiano/restcontroller/router/utils/logger.go:98.16,100.3 1 1
github.com/piiano/restcontroller/router/utils/logger.go:104.90,105.16 1 0
github.com/piiano/restcontroller/router/utils/logger.go:108.2,109.13 2 0
github.com/piiano/restcontroller/router/utils/logger.go:105.16,107.3 1 0
github.com/piiano/restcontroller/router/utils/logger.go:112.67,114.2 1 0
github.com/piiano/restcontroller/router/utils/logger.go:115.47,116.24 1 0
github.com/piiano/restcontroller/router/utils/logger.go:117.2,117.22 1 0
github.com/piiano/restcontroller/router/utils/logger.go:120.2,120.15 1 0
github.com/piiano/restcontroller/router/utils/logger.go:116.25,116.26 0 0
github.com/piiano/restcontroller/router/utils/logger.go:117.22,118.33 1 0
github.com/piiano/restcontroller/router/utils/logger.go:118.33,118.74 1 0
github.com/piiano/restcontroller/router/utils/logger.go:121.12,122.18 1 0
github.com/piiano/restcontroller/router/utils/logger.go:123.12,125.27 2 0
github.com/piiano/restcontroller/router/utils/logger.go:126.13,128.25 2 0
github.com/piiano/restcontroller/router/utils/logger.go:132.43,133.31 1 1
github.com/piiano/restcontroller/router/utils/logger.go:136.2,136.98 1 0
github.com/piiano/restcontroller/router/utils/logger.go:133.31,135.3 1 1
github.com/piiano/restcontroller/router/utils/logger.go:139.38,141.2 1 0
github.com/piiano/restcontroller/router/utils/logger.go:143.45,144.62 1 0
github.com/piiano/restcontroller/router/utils/logger.go:147.2,149.57 3 0
github.com/piiano/restcontroller/router/utils/logger.go:144.62,146.3 1 0
github.com/piiano/restcontroller/router/utils/logger.go:152.72,153.35 1 0
github.com/piiano/restcontroller/router/utils/logger.go:156.2,156.12 1 0
github.com/piiano/restcontroller/router/utils/logger.go:153.35,155.3 1 0
github.com/piiano/restcontroller/router/utils/logger.go:158.70,159.33 1 1
github.com/piiano/restcontroller/router/utils/logger.go:162.2,162.12 1 1
github.com/piiano/restcontroller/router/utils/logger.go:159.33,161.3 1 0
github.com/piiano/restcontroller/router/utils/logger.go:164.72,165.15 1 0
github.com/piiano/restcontroller/router/utils/logger.go:171.2,171.12 1 0
github.com/piiano/restcontroller/router/utils/logger.go:166.18,167.32 1 0
github.com/piiano/restcontroller/router/utils/logger.go:168.13,169.30 1 0
github.com/piiano/restcontroller/router/utils/logger.go:173.101,174.15 1 0
github.com/piiano/restcontroller/router/utils/logger.go:180.2,180.12 1 0
github.com/piiano/restcontroller/router/utils/logger.go:175.12,176.48 1 0
github.com/piiano/restcontroller/router/utils/logger.go:177.13,178.46 1 0
github.com/piiano/restcontroller/router/utils/logger.go:183.92,184.9 1 0
github.com/piiano/restcontroller/router/utils/logger.go:190.2,190.11 1 0
github.com/piiano/restcontroller/router/utils/logger.go:185.18,186.51 1 0
github.com/piiano/restcontroller/router/utils/logger.go:187.17,188.55 1 0
github.com/piiano/restcontroller/router/utils/logger.go:202.42,204.2 1 0
github.com/piiano/restcontroller/router/utils/logger.go:206.41,212.2 2 0
github.com/piiano/restcontroller/router/utils/logger.go:214.64,220.2 2 0
github.com/piiano/restcontroller/router/schema_validator/boolean_schema_validator.go:8.67,9.40 1 0
github.com/piiano/restcontroller/router/schema_validator/boolean_schema_validator.go:12.2,12.37 1 0
github.com/piiano/restcontroller/router/schema_validator/boolean_schema_validator.go:15.2,15.12 1 0
github.com/piiano/restcontroller/router/schema_validator/boolean_schema_validator.go:9.40,11.3 1 0
github.com/piiano/restcontroller/router/schema_validator/boolean_schema_validator.go:12.37,14.3 1 0
github.com/piiano/restcontroller/router/schema_validator/object_schema_validator.go:10.66,13.39 2 0
github.com/piiano/restcontroller/router/schema_validator/object_schema_validator.go:16.2,16.25 1 0
github.com/piiano/restcontroller/router/schema_validator/object_schema_validator.go:60.2,60.77 1 0
github.com/piiano/restcontroller/router/schema_validator/object_schema_validator.go:13.39,15.3 1 0
github.com/piiano/restcontroller/router/schema_validator/object_schema_validator.go:17.22,18.33 1 0
github.com/piiano/restcontroller/router/schema_validator/object_schema_validator.go:31.19,34.25 3 0
github.com/piiano/restcontroller/router/schema_validator/object_schema_validator.go:43.3,43.33 1 0
github.com/piiano/restcontroller/router/schema_validator/object_schema_validator.go:57.10,58.101 1 0
github.com/piiano/restcontroller/router/schema_validator/object_schema_validator.go:18.33,21.52 2 0
github.com/piiano/restcontroller/router/schema_validator/object_schema_validator.go:21.52,23.12 2 0
github.com/piiano/restcontroller/router/schema_validator/object_schema_validator.go:26.5,26.11 1 0
github.com/piiano/restcontroller/router/schema_validator/object_schema_validator.go:23.12,25.6 1 0
github.com/piiano/restcontroller/router/schema_validator/object_schema_validator.go:26.11,28.6 1 0
github.com/piiano/restcontroller/router/schema_validator/object_schema_validator.go:37.97,37.97 0 0
github.com/piiano/restcontroller/router/schema_validator/object_schema_validator.go:38.11,39.47 1 0
github.com/piiano/restcontroller/router/schema_validator/object_schema_validator.go:39.47,41.5 1 0
github.com/piiano/restcontroller/router/schema_validator/object_schema_validator.go:43.33,44.52 1 0
github.com/piiano/restcontroller/router/schema_validator/object_schema_validator.go:44.52,47.85 2 0
github.com/piiano/restcontroller/router/schema_validator/object_schema_validator.go:51.5,51.91 1 0
github.com/piiano/restcontroller/router/schema_validator/object_schema_validator.go:47.85,49.6 1 0
github.com/piiano/restcontroller/router/schema_validator/object_schema_validator.go:51.91,54.6 2 0
github.com/piiano/restcontroller/router/schema_validator/object_schema_validator.go:64.79,73.104 1 0
github.com/piiano/restcontroller/router/schema_validator/object_schema_validator.go:77.2,77.93 1 0
github.com/piiano/restcontroller/router/schema_validator/object_schema_validator.go:82.2,83.70 2 0
github.com/piiano/restcontroller/router/schema_validator/object_schema_validator.go:90.2,96.28 5 0
github.com/piiano/restcontroller/router/schema_validator/object_schema_validator.go:107.2,107.15 1 0
github.com/piiano/restcontroller/router/schema_validator/object_schema_validator.go:73.104,75.3 1 0
github.com/piiano/restcontroller/router/schema_validator/object_schema_validator.go:77.93,80.3 2 0
github.com/piiano/restcontroller/router/schema_validator/object_schema_validator.go:83.70,85.26 2 0
github.com/piiano/restcontroller/router/schema_validator/object_schema_validator.go:85.26,87.4 1 0
github.com/piiano/restcontroller/router/schema_validator/object_schema_validator.go:96.28,97.70 1 0
github.com/piiano/restcontroller/router/schema_validator/object_schema_validator.go:97.70,100.14 3 0
github.com/piiano/restcontroller/router/schema_validator/object_schema_validator.go:103.4,104.22 2 0
github.com/piiano/restcontroller/router/schema_validator/object_schema_validator.go:100.14,102.5 1 0
github.com/piiano/restcontroller/router/schema_validator/schema_anyof_validator.go:8.65,9.27 1 0
github.com/piiano/restcontroller/router/schema_validator/schema_anyof_validator.go:13.2,14.116 2 0
github.com/piiano/restcontroller/router/schema_validator/schema_anyof_validator.go:17.2,17.20 1 0
github.com/piiano/restcontroller/router/schema_validator/schema_anyof_validator.go:24.2,24.100 1 0
github.com/piiano/restcontroller/router/schema_validator/schema_anyof_validator.go:9.27,11.3 1 0
github.com/piiano/restcontroller/router/schema_validator/schema_anyof_validator.go:14.116,16.3 1 0
github.com/piiano/restcontroller/router/schema_validator/schema_anyof_validator.go:17.20,19.32 2 0
github.com/piiano/restcontroller/router/schema_validator/schema_anyof_validator.go:19.32,22.4 2 0
github.com/piiano/restcontroller/router/schema_validator/multi_schemas_validator.go:11.98,14.23 3 0
github.com/piiano/restcontroller/router/schema_validator/multi_schemas_validator.go:26.2,26.21 1 0
github.com/piiano/restcontroller/router/schema_validator/multi_schemas_validator.go:14.23,19.17 5 0
github.com/piiano/restcontroller/router/schema_validator/multi_schemas_validator.go:22.3,22.17 1 0
github.com/piiano/restcontroller/router/schema_validator/multi_schemas_validator.go:19.17,21.4 1 0
github.com/piiano/restcontroller/router/schema_validator/multi_schemas_validator.go:22.17,24.4 1 0
github.com/piiano/restcontroller/router/schema_validator/number_schema_validator.go:7.66,9.39 2 0
github.com/piiano/restcontroller/router/schema_validator/number_schema_validator.go:12.2,12.25 1 0
github.com/piiano/restcontroller/router/schema_validator/number_schema_validator.go:19.2,19.25 1 0
github.com/piiano/restcontroller/router/schema_validator/number_schema_validator.go:30.2,30.77 1 0
github.com/piiano/restcontroller/router/schema_validator/number_schema_validator.go:9.39,11.3 1 0
github.com/piiano/restcontroller/router/schema_validator/number_schema_validator.go:15.36,15.36 0 0
github.com/piiano/restcontroller/router/schema_validator/number_schema_validator.go:16.10,17.72 1 0
github.com/piiano/restcontroller/router/schema_validator/number_schema_validator.go:20.19,21.41 1 0
github.com/piiano/restcontroller/router/schema_validator/number_schema_validator.go:24.20,25.41 1 0
github.com/piiano/restcontroller/router/schema_validator/number_schema_validator.go:21.41,23.4 1 0
github.com/piiano/restcontroller/router/schema_validator/number_schema_validator.go:25.41,27.4 1 0
github.com/piiano/restcontroller/router/schema_validator/schema_not_validator.go:7.63,8.25 1 0
github.com/piiano/restcontroller/router/schema_validator/schema_not_validator.go:11.2,11.69 1 0
github.com/piiano/restcontroller/router/schema_validator/schema_not_validator.go:14.2,14.12 1 0
github.com/piiano/restcontroller/router/schema_validator/schema_not_validator.go:8.25,10.3 1 0
github.com/piiano/restcontroller/router/schema_validator/schema_not_validator.go:11.69,13.3 1 0
github.com/piiano/restcontroller/router/utils/sets.go:8.35,8.54 1 1
github.com/piiano/restcontroller/router/utils/sets.go:12.35,16.2 3 1
github.com/piiano/restcontroller/router/utils/sets.go:20.38,24.2 3 0
github.com/piiano/restcontroller/router/utils/sets.go:27.32,29.28 2 0
github.com/piiano/restcontroller/router/utils/sets.go:32.2,32.14 1 0
github.com/piiano/restcontroller/router/utils/sets.go:29.28,31.3 1 0
github.com/piiano/restcontroller/router/utils/sets.go:36.49,38.35 2 1
github.com/piiano/restcontroller/router/utils/sets.go:41.2,41.12 1 1
github.com/piiano/restcontroller/router/utils/sets.go:38.35,40.3 1 1
github.com/piiano/restcontroller/router/error_messages.go:8.76,10.2 1 1
github.com/piiano/restcontroller/router/error_messages.go:12.60,14.2 1 0
github.com/piiano/restcontroller/router/error_messages.go:16.53,18.2 1 0
github.com/piiano/restcontroller/router/error_messages.go:20.53,22.2 1 1
github.com/piiano/restcontroller/router/error_messages.go:24.66,26.2 1 0
github.com/piiano/restcontroller/router/error_messages.go:28.120,30.2 1 0
github.com/piiano/restcontroller/router/error_messages.go:32.82,34.2 1 0
github.com/piiano/restcontroller/router/error_messages.go:36.93,38.2 1 0
github.com/piiano/restcontroller/router/error_messages.go:40.80,42.2 1 0
github.com/piiano/restcontroller/router/error_messages.go:44.87,46.2 1 0
github.com/piiano/restcontroller/router/error_messages.go:48.96,50.2 1 1
github.com/piiano/restcontroller/router/error_messages.go:52.90,54.2 1 0
github.com/piiano/restcontroller/router/schema_validator/schema_anyof_validator.go:8.65,9.27 1 1
github.com/piiano/restcontroller/router/schema_validator/schema_anyof_validator.go:13.2,14.116 2 0
github.com/piiano/restcontroller/router/schema_validator/schema_anyof_validator.go:17.2,17.20 1 0
github.com/piiano/restcontroller/router/schema_validator/schema_anyof_validator.go:24.2,24.100 1 0
github.com/piiano/restcontroller/router/schema_validator/schema_anyof_validator.go:9.27,11.3 1 1
github.com/piiano/restcontroller/router/schema_validator/schema_anyof_validator.go:14.116,16.3 1 0
github.com/piiano/restcontroller/router/schema_validator/schema_anyof_validator.go:17.20,19.32 2 0
github.com/piiano/restcontroller/router/schema_validator/schema_anyof_validator.go:19.32,22.4 2 0
github.com/piiano/restcontroller/router/core.go:11.51,13.66 2 1
github.com/piiano/restcontroller/router/core.go:17.2,19.40 3 1
github.com/piiano/restcontroller/router/core.go:27.2,27.20 1 1
github.com/piiano/restcontroller/router/core.go:13.66,15.3 1 0
github.com/piiano/restcontroller/router/core.go:19.40,26.3 6 1
github.com/piiano/restcontroller/router/core.go:30.41,32.2 1 1
github.com/piiano/restcontroller/router/core.go:36.45,38.91 2 1
github.com/piiano/restcontroller/router/core.go:38.91,44.3 1 1
github.com/piiano/restcontroller/router/core.go:47.77,49.42 2 1
github.com/piiano/restcontroller/router/core.go:52.2,52.13 1 1
github.com/piiano/restcontroller/router/core.go:49.42,51.3 1 1
github.com/piiano/restcontroller/router/core.go:55.79,56.91 1 1
github.com/piiano/restcontroller/router/core.go:56.91,57.32 1 1
github.com/piiano/restcontroller/router/core.go:60.3,67.48 3 1
github.com/piiano/restcontroller/router/core.go:57.32,59.4 1 1
github.com/piiano/restcontroller/router/core.go:67.48,72.4 4 1
github.com/piiano/restcontroller/router/core.go:76.58,77.30 1 1
github.com/piiano/restcontroller/router/core.go:77.30,80.3 2 0
github.com/piiano/restcontroller/router/spec.go:9.56,11.16 2 0
github.com/piiano/restcontroller/router/spec.go:14.2,14.32 1 0
github.com/piiano/restcontroller/router/spec.go:11.16,13.3 1 0
github.com/piiano/restcontroller/router/spec.go:17.56,19.16 2 1
github.com/piiano/restcontroller/router/spec.go:22.2,22.32 1 1
github.com/piiano/restcontroller/router/spec.go:19.16,21.3 1 0
github.com/piiano/restcontroller/router/spec.go:25.28,28.2 2 0
github.com/piiano/restcontroller/router/spec.go:30.77,31.38 1 1
github.com/piiano/restcontroller/router/spec.go:38.2,38.31 1 0
github.com/piiano/restcontroller/router/spec.go:31.38,32.53 1 1
github.com/piiano/restcontroller/router/spec.go:32.53,33.32 1 1
github.com/piiano/restcontroller/router/spec.go:33.32,35.5 1 1
github.com/piiano/restcontroller/router/spec.go:42.54,44.35 2 1
github.com/piiano/restcontroller/router/spec.go:61.2,61.21 1 1
github.com/piiano/restcontroller/router/spec.go:44.35,45.48 1 1
github.com/piiano/restcontroller/router/spec.go:45.48,46.68 1 1
github.com/piiano/restcontroller/router/spec.go:51.4,51.46 1 1
github.com/piiano/restcontroller/router/spec.go:46.68,47.63 1 1
github.com/piiano/restcontroller/router/spec.go:47.63,49.6 1 1
github.com/piiano/restcontroller/router/spec.go:51.46,52.30 1 1
github.com/piiano/restcontroller/router/spec.go:55.5,55.53 1 1
github.com/piiano/restcontroller/router/spec.go:52.30,53.14 1 0
github.com/piiano/restcontroller/router/spec.go:55.53,57.6 1 1
github.com/piiano/restcontroller/router/utils/maps.go:3.53,6.21 3 1
github.com/piiano/restcontroller/router/utils/maps.go:10.2,10.13 1 1
github.com/piiano/restcontroller/router/utils/maps.go:6.21,9.3 2 1
github.com/piiano/restcontroller/router/utils/maps.go:13.55,16.26 3 0
github.com/piiano/restcontroller/router/utils/maps.go:20.2,20.15 1 0
github.com/piiano/restcontroller/router/utils/maps.go:16.26,19.3 2 0
github.com/piiano/restcontroller/router/utils/maps.go:28.66,31.28 3 0
github.com/piiano/restcontroller/router/utils/maps.go:35.2,35.15 1 0
github.com/piiano/restcontroller/router/utils/maps.go:31.28,34.3 2 0
github.com/piiano/restcontroller/router/utils/maps.go:38.70,40.32 2 0
github.com/piiano/restcontroller/router/utils/maps.go:43.2,43.10 1 0
github.com/piiano/restcontroller/router/utils/maps.go:40.32,42.3 1 0
github.com/piiano/restcontroller/router/utils/maps.go:46.52,48.28 2 0
github.com/piiano/restcontroller/router/utils/maps.go:51.2,51.10 1 0
github.com/piiano/restcontroller/router/utils/maps.go:48.28,50.3 1 0
github.com/piiano/restcontroller/router/schema_validator/number_schema_validator.go:7.66,9.39 2 0
github.com/piiano/restcontroller/router/schema_validator/number_schema_validator.go:12.2,12.25 1 0
github.com/piiano/restcontroller/router/schema_validator/number_schema_validator.go:19.2,19.25 1 0
github.com/piiano/restcontroller/router/schema_validator/number_schema_validator.go:30.2,30.77 1 0
github.com/piiano/restcontroller/router/schema_validator/number_schema_validator.go:9.39,11.3 1 0
github.com/piiano/restcontroller/router/schema_validator/number_schema_validator.go:15.36,15.36 0 0
github.com/piiano/restcontroller/router/schema_validator/number_schema_validator.go:16.10,17.72 1 0
github.com/piiano/restcontroller/router/schema_validator/number_schema_validator.go:20.19,21.41 1 0
github.com/piiano/restcontroller/router/schema_validator/number_schema_validator.go:24.20,25.41 1 0
github.com/piiano/restcontroller/router/schema_validator/number_schema_validator.go:21.41,23.4 1 0
github.com/piiano/restcontroller/router/schema_validator/number_schema_validator.go:25.41,27.4 1 0
github.com/piiano/restcontroller/router/error_messages.go:8.76,10.2 1 1
github.com/piiano/restcontroller/router/error_messages.go:12.60,14.2 1 0
github.com/piiano/restcontroller/router/error_messages.go:16.53,18.2 1 0
github.com/piiano/restcontroller/router/error_messages.go:20.53,22.2 1 1
[...]
github.com/piiano/restcontroller/router/binders.go:33.71,35.4 1 0
github.com/piiano/restcontroller/router/binders.go:36.78,38.4 1 0
github.com/piiano/restcontroller/router/binders.go:44.125,45.32 1 0
github.com/piiano/restcontroller/router/binders.go:48.2,48.46 1 0
github.com/piiano/restcontroller/router/binders.go:45.32,46.47 1 0
github.com/piiano/restcontroller/router/binders.go:46.47,46.61 1 0
github.com/piiano/restcontroller/router/binders.go:48.46,50.17 2 0
github.com/piiano/restcontroller/router/binders.go:53.3,54.17 2 0
github.com/piiano/restcontroller/router/binders.go:57.3,57.60 1 0
github.com/piiano/restcontroller/router/binders.go:60.3,60.13 1 0
github.com/piiano/restcontroller/router/binders.go:50.17,52.4 1 0
github.com/piiano/restcontroller/router/binders.go:54.17,56.4 1 0
github.com/piiano/restcontroller/router/binders.go:57.60,59.4 1 0
github.com/piiano/restcontroller/router/binders.go:65.95,66.31 1 0
github.com/piiano/restcontroller/router/binders.go:69.2,69.62 1 0
github.com/piiano/restcontroller/router/binders.go:66.31,67.57 1 0
github.com/piiano/restcontroller/router/binders.go:67.57,67.71 1 0
github.com/piiano/restcontroller/router/binders.go:69.62,71.29 2 0
github.com/piiano/restcontroller/router/binders.go:74.3,74.44 1 0
github.com/piiano/restcontroller/router/binders.go:71.29,73.4 1 0
github.com/piiano/restcontroller/router/binders.go:79.92,80.32 1 0
github.com/piiano/restcontroller/router/binders.go:83.2,83.53 1 0
github.com/piiano/restcontroller/router/binders.go:80.32,81.40 1 0
github.com/piiano/restcontroller/router/binders.go:81.40,81.54 1 0
github.com/piiano/restcontroller/router/binders.go:83.53,84.60 1 0
github.com/piiano/restcontroller/router/binders.go:87.3,87.13 1 0
github.com/piiano/restcontroller/router/binders.go:84.60,86.4 1 0
github.com/piiano/restcontroller/router/binders.go:90.108,91.101 1 0
github.com/piiano/restcontroller/router/binders.go:91.101,93.17 2 0
github.com/piiano/restcontroller/router/binders.go:96.3,97.13 2 0
github.com/piiano/restcontroller/router/binders.go:100.3,101.30 2 0
github.com/piiano/restcontroller/router/binders.go:109.3,116.9 4 0
github.com/piiano/restcontroller/router/binders.go:93.17,95.4 1 0
github.com/piiano/restcontroller/router/binders.go:97.13,99.4 1 0
github.com/piiano/restcontroller/router/binders.go:101.30,104.18 3 0
github.com/piiano/restcontroller/router/binders.go:107.4,107.53 1 0
github.com/piiano/restcontroller/router/binders.go:104.18,106.5 1 0
github.com/piiano/restcontroller/router/binders.go:120.76,121.40 1 0
github.com/piiano/restcontroller/router/binders.go:121.40,122.32 1 0
github.com/piiano/restcontroller/router/binders.go:122.32,124.4 1 0
github.com/piiano/restcontroller/router/binders.go:128.124,130.41 2 0
github.com/piiano/restcontroller/router/binders.go:133.2,133.59 1 0
github.com/piiano/restcontroller/router/binders.go:136.2,136.85 1 0
github.com/piiano/restcontroller/router/binders.go:130.41,132.3 1 0
github.com/piiano/restcontroller/router/binders.go:133.59,135.3 1 0
github.com/piiano/restcontroller/router/binders.go:139.125,141.37 2 0
github.com/piiano/restcontroller/router/binders.go:149.2,149.108 1 0
github.com/piiano/restcontroller/router/binders.go:141.37,142.42 1 0
github.com/piiano/restcontroller/router/binders.go:145.3,145.61 1 0
github.com/piiano/restcontroller/router/binders.go:142.42,144.4 1 0
github.com/piiano/restcontroller/router/binders.go:145.61,147.4 1 0
github.com/piiano/restcontroller/router/content_types.go:20.63,20.92 1 1
github.com/piiano/restcontroller/router/content_types.go:21.63,21.93 1 0
github.com/piiano/restcontroller/router/content_types.go:22.63,22.101 1 0
github.com/piiano/restcontroller/router/content_types.go:26.63,26.92 1 1
github.com/piiano/restcontroller/router/content_types.go:27.63,27.93 1 0
github.com/piiano/restcontroller/router/content_types.go:28.63,28.101 1 0
github.com/piiano/restcontroller/router/content_types.go:32.40,32.69 1 1
github.com/piiano/restcontroller/router/content_types.go:33.60,37.2 3 0
github.com/piiano/restcontroller/router/content_types.go:38.63,38.101 1 0
github.com/piiano/restcontroller/router/content_types.go:40.41,47.50 3 1
github.com/piiano/restcontroller/router/content_types.go:50.2,50.21 1 1
github.com/piiano/restcontroller/router/content_types.go:47.50,49.3 1 1
github.com/piiano/restcontroller/router/error_messages.go:8.76,10.2 1 1
github.com/piiano/restcontroller/router/error_messages.go:12.60,14.2 1 0
github.com/piiano/restcontroller/router/error_messages.go:16.53,18.2 1 0
github.com/piiano/restcontroller/router/error_messages.go:20.53,22.2 1 1
github.com/piiano/restcontroller/router/error_messages.go:24.66,26.2 1 0
github.com/piiano/restcontroller/router/error_messages.go:28.120,30.2 1 0
github.com/piiano/restcontroller/router/error_messages.go:32.82,34.2 1 0
github.com/piiano/restcontroller/router/error_messages.go:36.93,38.2 1 0
github.com/piiano/restcontroller/router/error_messages.go:40.80,42.2 1 0
github.com/piiano/restcontroller/router/error_messages.go:44.87,46.2 1 0
github.com/piiano/restcontroller/router/error_messages.go:48.96,50.2 1 1
github.com/piiano/restcontroller/router/error_messages.go:52.90,54.2 1 0
github.com/piiano/restcontroller/router/source_position.go:9.58,11.14 2 1
github.com/piiano/restcontroller/router/source_position.go:14.2,14.33 1 1
github.com/piiano/restcontroller/router/source_position.go:17.2,17.30 1 1
github.com/piiano/restcontroller/router/source_position.go:20.2,22.57 3 1
github.com/piiano/restcontroller/router/source_position.go:11.14,13.3 1 0
github.com/piiano/restcontroller/router/source_position.go:14.33,16.3 1 0
github.com/piiano/restcontroller/router/source_position.go:17.30,19.3 1 1
github.com/piiano/restcontroller/router/source_position.go:31.42,33.2 1 1
github.com/piiano/restcontroller/router/validations.go:21.75,25.40 4 1
github.com/piiano/restcontroller/router/validations.go:32.2,33.92 2 1
github.com/piiano/restcontroller/router/validations.go:25.40,26.40 1 1
github.com/piiano/restcontroller/router/validations.go:30.3,30.50 1 1
github.com/piiano/restcontroller/router/validations.go:26.40,29.4 1 0
github.com/piiano/restcontroller/router/validations.go:37.94,39.41 2 1
github.com/piiano/restcontroller/router/validations.go:46.2,46.70 1 1
github.com/piiano/restcontroller/router/validations.go:39.41,40.48 1 1
github.com/piiano/restcontroller/router/validations.go:40.48,41.50 1 1
github.com/piiano/restcontroller/router/validations.go:41.50,43.5 1 0
github.com/piiano/restcontroller/router/validations.go:50.45,54.51 4 1
github.com/piiano/restcontroller/router/validations.go:60.2,60.31 1 1
github.com/piiano/restcontroller/router/validations.go:54.51,56.13 2 0
github.com/piiano/restcontroller/router/validations.go:56.13,58.4 1 0
github.com/piiano/restcontroller/router/validations.go:64.63,68.12 4 1
github.com/piiano/restcontroller/router/validations.go:71.2,71.50 1 1
github.com/piiano/restcontroller/router/validations.go:77.2,78.29 2 1
github.com/piiano/restcontroller/router/validations.go:68.12,70.3 1 0
github.com/piiano/restcontroller/router/validations.go:71.50,76.3 4 0
github.com/piiano/restcontroller/router/validations.go:82.116,85.103 3 1
github.com/piiano/restcontroller/router/validations.go:88.2,88.42 1 1
github.com/piiano/restcontroller/router/validations.go:100.2,100.120 1 1
github.com/piiano/restcontroller/router/validations.go:85.103,87.3 1 1
github.com/piiano/restcontroller/router/validations.go:88.42,90.17 2 0
github.com/piiano/restcontroller/router/validations.go:94.3,94.33 1 0
github.com/piiano/restcontroller/router/validations.go:90.17,92.12 2 0
github.com/piiano/restcontroller/router/validations.go:94.33,97.4 1 0
github.com/piiano/restcontroller/router/validations.go:105.142,108.25 3 0
github.com/piiano/restcontroller/router/validations.go:111.2,112.21 2 0
github.com/piiano/restcontroller/router/validations.go:116.2,116.51 1 0
github.com/piiano/restcontroller/router/validations.go:120.2,120.29 1 0
github.com/piiano/restcontroller/router/validations.go:108.25,110.3 1 0
github.com/piiano/restcontroller/router/validations.go:112.21,115.3 2 0
github.com/piiano/restcontroller/router/validations.go:116.51,119.3 1 0
github.com/piiano/restcontroller/router/validations.go:125.142,128.2 1 0
github.com/piiano/restcontroller/router/validations.go:132.143,134.2 1 0
github.com/piiano/restcontroller/router/validations.go:138.169,140.27 2 0
github.com/piiano/restcontroller/router/validations.go:143.2,144.58 2 0
github.com/piiano/restcontroller/router/validations.go:160.2,160.29 1 0
github.com/piiano/restcontroller/router/validations.go:140.27,142.3 1 0
github.com/piiano/restcontroller/router/validations.go:144.58,146.34 2 0
github.com/piiano/restcontroller/router/validations.go:149.3,149.17 1 0
github.com/piiano/restcontroller/router/validations.go:152.3,153.27 2 0
github.com/piiano/restcontroller/router/validations.go:158.3,158.106 1 0
github.com/piiano/restcontroller/router/validations.go:146.34,147.12 1 0
github.com/piiano/restcontroller/router/validations.go:149.17,151.4 1 0
github.com/piiano/restcontroller/router/validations.go:153.27,155.12 2 0
github.com/piiano/restcontroller/router/validations.go:165.140,168.50 3 0
github.com/piiano/restcontroller/router/validations.go:180.2,180.29 1 0
github.com/piiano/restcontroller/router/validations.go:168.50,170.26 2 0
github.com/piiano/restcontroller/router/validations.go:174.3,175.56 2 0
github.com/piiano/restcontroller/router/validations.go:170.26,172.12 2 0
github.com/piiano/restcontroller/router/validations.go:175.56,178.4 1 0
github.com/piiano/restcontroller/router/utils/maps.go:3.53,6.21 3 1
github.com/piiano/restcontroller/router/utils/maps.go:10.2,10.13 1 1
github.com/piiano/restcontroller/router/utils/maps.go:6.21,9.3 2 0
github.com/piiano/restcontroller/router/utils/maps.go:13.55,16.26 3 0
github.com/piiano/restcontroller/router/utils/maps.go:20.2,20.15 1 0
github.com/piiano/restcontroller/router/utils/maps.go:16.26,19.3 2 0
github.com/piiano/restcontroller/router/utils/maps.go:28.66,31.28 3 0
github.com/piiano/restcontroller/router/utils/maps.go:35.2,35.15 1 0
github.com/piiano/restcontroller/router/utils/maps.go:31.28,34.3 2 0
github.com/piiano/restcontroller/router/utils/maps.go:38.70,40.32 2 0
github.com/piiano/restcontroller/router/utils/maps.go:43.2,43.10 1 0
github.com/piiano/restcontroller/router/utils/maps.go:40.32,42.3 1 0
github.com/piiano/restcontroller/router/utils/maps.go:46.52,48.28 2 0
github.com/piiano/restcontroller/router/utils/maps.go:51.2,51.10 1 0
github.com/piiano/restcontroller/router/utils/maps.go:48.28,50.3 1 0
github.com/piiano/restcontroller/router/schema_validator/schema_validator.go:55.75,60.2 1 0
github.com/piiano/restcontroller/router/schema_validator/schema_validator.go:63.137,70.2 1 0
github.com/piiano/restcontroller/router/schema_validator/schema_validator.go:72.62,74.2 1 0
github.com/piiano/restcontroller/router/schema_validator/schema_validator.go:75.63,77.2 1 0
github.com/piiano/restcontroller/router/schema_validator/schema_validator.go:87.89,90.2 2 0
github.com/piiano/restcontroller/router/schema_validator/schema_validator.go:91.87,95.2 3 0
github.com/piiano/restcontroller/router/schema_validator/schema_validator.go:96.92,100.2 3 0
github.com/piiano/restcontroller/router/schema_validator/schema_validator.go:101.120,106.2 4 0
github.com/piiano/restcontroller/router/schema_validator/schema_validator.go:107.54,115.23 5 0
github.com/piiano/restcontroller/router/schema_validator/schema_validator.go:129.2,129.36 1 0
github.com/piiano/restcontroller/router/schema_validator/schema_validator.go:116.24,117.51 1 0
github.com/piiano/restcontroller/router/schema_validator/schema_validator.go:118.23,119.50 1 0
github.com/piiano/restcontroller/router/schema_validator/schema_validator.go:120.24,121.51 1 0
github.com/piiano/restcontroller/router/schema_validator/schema_validator.go:122.25,123.52 1 0
github.com/piiano/restcontroller/router/schema_validator/schema_validator.go:124.24,125.51 1 0
github.com/piiano/restcontroller/router/schema_validator/schema_validator.go:126.25,127.52 1 0
github.com/piiano/restcontroller/router/utils/sets.go:8.35,8.54 1 1
github.com/piiano/restcontroller/router/utils/sets.go:12.35,16.2 3 1
github.com/piiano/restcontroller/router/utils/sets.go:20.38,24.2 3 0
github.com/piiano/restcontroller/router/utils/sets.go:27.32,29.28 2 0
github.com/piiano/restcontroller/router/utils/sets.go:32.2,32.14 1 0
github.com/piiano/restcontroller/router/utils/sets.go:29.28,31.3 1 0
github.com/piiano/restcontroller/router/utils/sets.go:36.49,38.35 2 1
github.com/piiano/restcontroller/router/utils/sets.go:41.2,41.12 1 1
github.com/piiano/restcontroller/router/utils/sets.go:38.35,40.3 1 0
github.com/piiano/restcontroller/router/schema_validator/integer_schema_validator.go:7.67,9.40 2 0
github.com/piiano/restcontroller/router/schema_validator/integer_schema_validator.go:12.2,12.25 1 0
github.com/piiano/restcontroller/router/schema_validator/integer_schema_validator.go:18.2,18.25 1 0
github.com/piiano/restcontroller/router/schema_validator/integer_schema_validator.go:29.2,29.77 1 0
github.com/piiano/restcontroller/router/schema_validator/integer_schema_validator.go:9.40,11.3 1 0
github.com/piiano/restcontroller/router/schema_validator/integer_schema_validator.go:14.96,14.96 0 0
github.com/piiano/restcontroller/router/schema_validator/integer_schema_validator.go:15.10,16.72 1 0
github.com/piiano/restcontroller/router/schema_validator/integer_schema_validator.go:19.19,20.39 1 0
github.com/piiano/restcontroller/router/schema_validator/integer_schema_validator.go:23.19,24.39 1 0
github.com/piiano/restcontroller/router/schema_validator/integer_schema_validator.go:20.39,22.4 1 0
github.com/piiano/restcontroller/router/schema_validator/integer_schema_validator.go:24.39,26.4 1 0
github.com/piiano/restcontroller/router/schema_validator/schema_oneof_validator.go:8.65,9.27 1 0
github.com/piiano/restcontroller/router/schema_validator/schema_oneof_validator.go:12.2,13.116 2 0
github.com/piiano/restcontroller/router/schema_validator/schema_oneof_validator.go:16.2,16.20 1 0
github.com/piiano/restcontroller/router/schema_validator/schema_oneof_validator.go:23.2,23.19 1 0
github.com/piiano/restcontroller/router/schema_validator/schema_oneof_validator.go:29.2,29.97 1 0
github.com/piiano/restcontroller/router/schema_validator/schema_oneof_validator.go:9.27,11.3 1 0
github.com/piiano/restcontroller/router/schema_validator/schema_oneof_validator.go:13.116,15.3 1 0
github.com/piiano/restcontroller/router/schema_validator/schema_oneof_validator.go:16.20,18.32 2 0
github.com/piiano/restcontroller/router/schema_validator/schema_oneof_validator.go:18.32,21.4 2 0
github.com/piiano/restcontroller/router/schema_validator/schema_oneof_validator.go:23.19,25.30 2 0
github.com/piiano/restcontroller/router/schema_validator/schema_oneof_validator.go:25.30,27.4 1 0
github.com/piiano/restcontroller/router/helpers.go:5.36,8.2 2 1
github.com/piiano/restcontroller/router/schema_validator/multi_schemas_validator.go:11.98,14.23 3 0
github.com/piiano/restcontroller/router/schema_validator/multi_schemas_validator.go:26.2,26.21 1 0
github.com/piiano/restcontroller/router/schema_validator/multi_schemas_validator.go:14.23,19.17 5 0
github.com/piiano/restcontroller/router/schema_validator/multi_schemas_validator.go:22.3,22.17 1 0
github.com/piiano/restcontroller/router/schema_validator/multi_schemas_validator.go:19.17,21.4 1 0
github.com/piiano/restcontroller/router/schema_validator/multi_schemas_validator.go:22.17,24.4 1 0
github.com/piiano/restcontroller/router/schema_validator/schema_not_validator.go:7.63,8.25 1 0
github.com/piiano/restcontroller/router/schema_validator/schema_not_validator.go:11.2,11.69 1 0
github.com/piiano/restcontroller/router/schema_validator/schema_not_validator.go:14.2,14.12 1 0
github.com/piiano/restcontroller/router/schema_validator/schema_not_validator.go:8.25,10.3 1 0
github.com/piiano/restcontroller/router/schema_validator/schema_not_validator.go:11.69,13.3 1 0
github.com/piiano/restcontroller/router/builder.go:34.55,36.2 1 1
github.com/piiano/restcontroller/router/builder.go:39.83,50.2 1 1
github.com/piiano/restcontroller/router/builder.go:52.23,58.2 1 0
github.com/piiano/restcontroller/router/builder.go:60.59,63.2 2 0
github.com/piiano/restcontroller/router/builder.go:64.57,67.2 2 0
github.com/piiano/restcontroller/router/builder.go:68.101,71.2 2 0
github.com/piiano/restcontroller/router/builder.go:72.75,75.2 2 0
github.com/piiano/restcontroller/router/builder.go:76.54,78.2 1 0
github.com/piiano/restcontroller/router/builder.go:80.48,83.2 2 0
github.com/piiano/restcontroller/router/builder.go:84.46,87.2 2 0
github.com/piiano/restcontroller/router/builder.go:89.90,96.2 2 0
github.com/piiano/restcontroller/router/builder.go:98.31,98.44 1 0
github.com/piiano/restcontroller/router/builder.go:100.40,107.2 1 0
github.com/piiano/restcontroller/router/schema_validator/number_schema_validator.go:7.66,9.39 2 0
github.com/piiano/restcontroller/router/schema_validator/number_schema_validator.go:12.2,12.25 1 0
github.com/piiano/restcontroller/router/schema_validator/number_schema_validator.go:19.2,19.25 1 0
github.com/piiano/restcontroller/router/schema_validator/number_schema_validator.go:30.2,30.77 1 0
github.com/piiano/restcontroller/router/schema_validator/number_schema_validator.go:9.39,11.3 1 0
github.com/piiano/restcontroller/router/schema_validator/number_schema_validator.go:15.36,15.36 0 0
github.com/piiano/restcontroller/router/schema_validator/number_schema_validator.go:16.10,17.72 1 0
github.com/piiano/restcontroller/router/schema_validator/number_schema_validator.go:20.19,21.41 1 0
github.com/piiano/restcontroller/router/schema_validator/number_schema_validator.go:24.20,25.41 1 0
github.com/piiano/restcontroller/router/schema_validator/number_schema_validator.go:21.41,23.4 1 0
github.com/piiano/restcontroller/router/schema_validator/number_schema_validator.go:25.41,27.4 1 0
github.com/piiano/restcontroller/router/schema_validator/string_schema_validator.go:9.66,11.39 2 0
github.com/piiano/restcontroller/router/schema_validator/string_schema_validator.go:14.2,14.25 1 0
github.com/piiano/restcontroller/router/schema_validator/string_schema_validator.go:35.2,35.77 1 0
github.com/piiano/restcontroller/router/schema_validator/string_schema_validator.go:11.39,13.3 1 0
github.com/piiano/restcontroller/router/schema_validator/string_schema_validator.go:15.10,16.40 1 0
github.com/piiano/restcontroller/router/schema_validator/string_schema_validator.go:19.18,20.82 1 0
github.com/piiano/restcontroller/router/schema_validator/string_schema_validator.go:23.18,24.82 1 0
github.com/piiano/restcontroller/router/schema_validator/string_schema_validator.go:30.96,31.40 1 0
github.com/piiano/restcontroller/router/schema_validator/string_schema_validator.go:16.40,18.4 1 0
github.com/piiano/restcontroller/router/schema_validator/string_schema_validator.go:20.82,22.4 1 0
github.com/piiano/restcontroller/router/schema_validator/string_schema_validator.go:24.82,26.4 1 0
github.com/piiano/restcontroller/router/schema_validator/string_schema_validator.go:31.40,33.4 1 0
github.com/piiano/restcontroller/router/options.go:61.83,63.8 2 1
github.com/piiano/restcontroller/router/options.go:66.2,66.37 1 1
github.com/piiano/restcontroller/router/options.go:63.8,65.3 1 0
github.com/piiano/restcontroller/router/options.go:69.31,74.2 1 1
github.com/piiano/restcontroller/router/schema_validator/array_schema_validator.go:8.65,9.38 1 0
github.com/piiano/restcontroller/router/schema_validator/array_schema_validator.go:12.2,12.74 1 0
github.com/piiano/restcontroller/router/schema_validator/array_schema_validator.go:15.2,15.79 1 0
github.com/piiano/restcontroller/router/schema_validator/array_schema_validator.go:9.38,11.3 1 0
github.com/piiano/restcontroller/router/schema_validator/array_schema_validator.go:12.74,14.3 1 0
